{"/Users/jace/Documents/GitHub/frolf-bot-pwa/playwright.config.ts": {"path":"/Users/jace/Documents/GitHub/frolf-bot-pwa/playwright.config.ts","all":true,"statementMap":{"0":{"start":{"line":1,"column":0},"end":{"line":1,"column":57}},"2":{"start":{"line":3,"column":0},"end":{"line":3,"column":29}},"3":{"start":{"line":4,"column":0},"end":{"line":4,"column":23}},"4":{"start":{"line":5,"column":0},"end":{"line":5,"column":18}},"5":{"start":{"line":6,"column":0},"end":{"line":6,"column":28}},"6":{"start":{"line":7,"column":0},"end":{"line":7,"column":23}},"7":{"start":{"line":8,"column":0},"end":{"line":8,"column":13}},"8":{"start":{"line":9,"column":0},"end":{"line":9,"column":52}},"9":{"start":{"line":10,"column":0},"end":{"line":10,"column":8}},"10":{"start":{"line":11,"column":0},"end":{"line":11,"column":19}},"11":{"start":{"line":12,"column":0},"end":{"line":12,"column":43}},"12":{"start":{"line":13,"column":0},"end":{"line":13,"column":24}},"13":{"start":{"line":14,"column":0},"end":{"line":14,"column":30}},"14":{"start":{"line":15,"column":0},"end":{"line":15,"column":4}},"15":{"start":{"line":16,"column":0},"end":{"line":16,"column":13}},"16":{"start":{"line":17,"column":0},"end":{"line":17,"column":64}},"17":{"start":{"line":18,"column":0},"end":{"line":18,"column":64}},"18":{"start":{"line":19,"column":0},"end":{"line":19,"column":61}},"19":{"start":{"line":20,"column":0},"end":{"line":20,"column":3}},"20":{"start":{"line":21,"column":0},"end":{"line":21,"column":3}}},"s":{"0":0,"2":0,"3":0,"4":0,"5":0,"6":0,"7":0,"8":0,"9":0,"10":0,"11":0,"12":0,"13":0,"14":0,"15":0,"16":0,"17":0,"18":0,"19":0,"20":0},"branchMap":{"0":{"type":"branch","line":1,"loc":{"start":{"line":1,"column":599},"end":{"line":21,"column":3}},"locations":[{"start":{"line":1,"column":599},"end":{"line":21,"column":3}}]}},"b":{"0":[0]},"fnMap":{"0":{"name":"(empty-report)","decl":{"start":{"line":1,"column":599},"end":{"line":21,"column":3}},"loc":{"start":{"line":1,"column":599},"end":{"line":21,"column":3}},"line":1}},"f":{"0":0}}
,"/Users/jace/Documents/GitHub/frolf-bot-pwa/svelte.config.js": {"path":"/Users/jace/Documents/GitHub/frolf-bot-pwa/svelte.config.js","all":true,"statementMap":{"0":{"start":{"line":1,"column":0},"end":{"line":1,"column":32}},"1":{"start":{"line":2,"column":0},"end":{"line":2,"column":45}},"2":{"start":{"line":3,"column":0},"end":{"line":3,"column":62}},"3":{"start":{"line":4,"column":0},"end":{"line":4,"column":53}},"5":{"start":{"line":6,"column":0},"end":{"line":6,"column":45}},"6":{"start":{"line":7,"column":0},"end":{"line":7,"column":16}},"7":{"start":{"line":8,"column":0},"end":{"line":8,"column":62}},"8":{"start":{"line":9,"column":0},"end":{"line":9,"column":7}},"9":{"start":{"line":10,"column":0},"end":{"line":10,"column":20}},"10":{"start":{"line":11,"column":0},"end":{"line":11,"column":3}},"11":{"start":{"line":12,"column":0},"end":{"line":12,"column":32}},"12":{"start":{"line":13,"column":0},"end":{"line":13,"column":2}},"14":{"start":{"line":15,"column":0},"end":{"line":15,"column":22}}},"s":{"0":0,"1":0,"2":0,"3":0,"5":0,"6":0,"7":0,"8":0,"9":0,"10":0,"11":0,"12":0,"14":0},"branchMap":{"0":{"type":"branch","line":1,"loc":{"start":{"line":1,"column":415},"end":{"line":15,"column":22}},"locations":[{"start":{"line":1,"column":415},"end":{"line":15,"column":22}}]}},"b":{"0":[0]},"fnMap":{"0":{"name":"(empty-report)","decl":{"start":{"line":1,"column":415},"end":{"line":15,"column":22}},"loc":{"start":{"line":1,"column":415},"end":{"line":15,"column":22}},"line":1}},"f":{"0":0}}
,"/Users/jace/Documents/GitHub/frolf-bot-pwa/tailwind.config.js": {"path":"/Users/jace/Documents/GitHub/frolf-bot-pwa/tailwind.config.js","all":true,"statementMap":{"0":{"start":{"line":1,"column":0},"end":{"line":1,"column":43}},"1":{"start":{"line":2,"column":0},"end":{"line":2,"column":16}},"2":{"start":{"line":3,"column":0},"end":{"line":3,"column":45}},"3":{"start":{"line":4,"column":0},"end":{"line":4,"column":9}},"4":{"start":{"line":5,"column":0},"end":{"line":5,"column":11}},"5":{"start":{"line":6,"column":0},"end":{"line":6,"column":12}},"6":{"start":{"line":7,"column":0},"end":{"line":7,"column":36}},"7":{"start":{"line":8,"column":0},"end":{"line":8,"column":14}},"8":{"start":{"line":9,"column":0},"end":{"line":9,"column":19}},"9":{"start":{"line":10,"column":0},"end":{"line":10,"column":20}},"10":{"start":{"line":11,"column":0},"end":{"line":11,"column":20}},"11":{"start":{"line":12,"column":0},"end":{"line":12,"column":19}},"12":{"start":{"line":13,"column":0},"end":{"line":13,"column":6}},"13":{"start":{"line":14,"column":0},"end":{"line":14,"column":16}},"14":{"start":{"line":15,"column":0},"end":{"line":15,"column":20}},"15":{"start":{"line":16,"column":0},"end":{"line":16,"column":20}},"16":{"start":{"line":17,"column":0},"end":{"line":17,"column":19}},"17":{"start":{"line":18,"column":0},"end":{"line":18,"column":6}},"18":{"start":{"line":19,"column":0},"end":{"line":19,"column":13}},"19":{"start":{"line":20,"column":0},"end":{"line":20,"column":20}},"20":{"start":{"line":21,"column":0},"end":{"line":21,"column":19}},"21":{"start":{"line":22,"column":0},"end":{"line":22,"column":6}},"22":{"start":{"line":23,"column":0},"end":{"line":23,"column":58}},"23":{"start":{"line":24,"column":0},"end":{"line":24,"column":11}},"24":{"start":{"line":25,"column":0},"end":{"line":25,"column":19}},"25":{"start":{"line":26,"column":0},"end":{"line":26,"column":20}},"26":{"start":{"line":27,"column":0},"end":{"line":27,"column":20}},"27":{"start":{"line":28,"column":0},"end":{"line":28,"column":20}},"28":{"start":{"line":29,"column":0},"end":{"line":29,"column":20}},"29":{"start":{"line":30,"column":0},"end":{"line":30,"column":20}},"30":{"start":{"line":31,"column":0},"end":{"line":31,"column":20}},"31":{"start":{"line":32,"column":0},"end":{"line":32,"column":20}},"32":{"start":{"line":33,"column":0},"end":{"line":33,"column":20}},"33":{"start":{"line":34,"column":0},"end":{"line":34,"column":19}},"34":{"start":{"line":35,"column":0},"end":{"line":35,"column":5}},"35":{"start":{"line":36,"column":0},"end":{"line":36,"column":4}},"36":{"start":{"line":37,"column":0},"end":{"line":37,"column":3}},"37":{"start":{"line":38,"column":0},"end":{"line":38,"column":3}},"38":{"start":{"line":39,"column":0},"end":{"line":39,"column":77}},"39":{"start":{"line":40,"column":0},"end":{"line":40,"column":2}}},"s":{"0":0,"1":0,"2":0,"3":0,"4":0,"5":0,"6":0,"7":0,"8":0,"9":0,"10":0,"11":0,"12":0,"13":0,"14":0,"15":0,"16":0,"17":0,"18":0,"19":0,"20":0,"21":0,"22":0,"23":0,"24":0,"25":0,"26":0,"27":0,"28":0,"29":0,"30":0,"31":0,"32":0,"33":0,"34":0,"35":0,"36":0,"37":0,"38":0,"39":0},"branchMap":{"0":{"type":"branch","line":1,"loc":{"start":{"line":1,"column":809},"end":{"line":40,"column":2}},"locations":[{"start":{"line":1,"column":809},"end":{"line":40,"column":2}}]}},"b":{"0":[0]},"fnMap":{"0":{"name":"(empty-report)","decl":{"start":{"line":1,"column":809},"end":{"line":40,"column":2}},"loc":{"start":{"line":1,"column":809},"end":{"line":40,"column":2}},"line":1}},"f":{"0":0}}
,"/Users/jace/Documents/GitHub/frolf-bot-pwa/public/service-worker.js": {"path":"/Users/jace/Documents/GitHub/frolf-bot-pwa/public/service-worker.js","all":true,"statementMap":{"0":{"start":{"line":1,"column":0},"end":{"line":1,"column":24}},"1":{"start":{"line":2,"column":0},"end":{"line":2,"column":53}},"2":{"start":{"line":3,"column":0},"end":{"line":3,"column":36}},"4":{"start":{"line":5,"column":0},"end":{"line":5,"column":77}},"6":{"start":{"line":7,"column":0},"end":{"line":7,"column":45}},"7":{"start":{"line":8,"column":0},"end":{"line":8,"column":89}},"8":{"start":{"line":9,"column":0},"end":{"line":9,"column":20}},"9":{"start":{"line":10,"column":0},"end":{"line":10,"column":3}},"11":{"start":{"line":12,"column":0},"end":{"line":12,"column":36}},"12":{"start":{"line":13,"column":0},"end":{"line":13,"column":46}},"13":{"start":{"line":14,"column":0},"end":{"line":14,"column":17}},"14":{"start":{"line":15,"column":0},"end":{"line":15,"column":8}},"15":{"start":{"line":16,"column":0},"end":{"line":16,"column":10}},"16":{"start":{"line":17,"column":0},"end":{"line":17,"column":19}},"17":{"start":{"line":18,"column":0},"end":{"line":18,"column":83}},"18":{"start":{"line":19,"column":0},"end":{"line":19,"column":4}},"19":{"start":{"line":20,"column":0},"end":{"line":20,"column":36}},"20":{"start":{"line":21,"column":0},"end":{"line":21,"column":3}},"21":{"start":{"line":22,"column":0},"end":{"line":22,"column":3}},"23":{"start":{"line":24,"column":0},"end":{"line":24,"column":110}},"24":{"start":{"line":25,"column":0},"end":{"line":25,"column":43}},"25":{"start":{"line":26,"column":0},"end":{"line":26,"column":41}},"26":{"start":{"line":27,"column":0},"end":{"line":27,"column":20}},"27":{"start":{"line":28,"column":0},"end":{"line":28,"column":23}},"28":{"start":{"line":29,"column":0},"end":{"line":29,"column":21}},"29":{"start":{"line":30,"column":0},"end":{"line":30,"column":55}},"30":{"start":{"line":31,"column":0},"end":{"line":31,"column":31}},"31":{"start":{"line":32,"column":0},"end":{"line":32,"column":77}},"32":{"start":{"line":33,"column":0},"end":{"line":33,"column":17}},"33":{"start":{"line":34,"column":0},"end":{"line":34,"column":6}},"34":{"start":{"line":35,"column":0},"end":{"line":35,"column":43}},"35":{"start":{"line":36,"column":0},"end":{"line":36,"column":4}},"36":{"start":{"line":37,"column":0},"end":{"line":37,"column":9}},"37":{"start":{"line":38,"column":0},"end":{"line":38,"column":2}},"39":{"start":{"line":40,"column":0},"end":{"line":40,"column":82}},"40":{"start":{"line":41,"column":0},"end":{"line":41,"column":19}},"41":{"start":{"line":42,"column":0},"end":{"line":42,"column":48}},"42":{"start":{"line":43,"column":0},"end":{"line":43,"column":29}},"43":{"start":{"line":44,"column":0},"end":{"line":44,"column":30}},"44":{"start":{"line":45,"column":0},"end":{"line":45,"column":25}},"45":{"start":{"line":46,"column":0},"end":{"line":46,"column":43}},"46":{"start":{"line":47,"column":0},"end":{"line":47,"column":9}},"47":{"start":{"line":48,"column":0},"end":{"line":48,"column":39}},"48":{"start":{"line":49,"column":0},"end":{"line":49,"column":17}},"49":{"start":{"line":50,"column":0},"end":{"line":50,"column":32}},"50":{"start":{"line":51,"column":0},"end":{"line":51,"column":32}},"51":{"start":{"line":52,"column":0},"end":{"line":52,"column":8}},"52":{"start":{"line":53,"column":0},"end":{"line":53,"column":36}},"53":{"start":{"line":54,"column":0},"end":{"line":54,"column":78}},"54":{"start":{"line":55,"column":0},"end":{"line":55,"column":6}},"55":{"start":{"line":56,"column":0},"end":{"line":56,"column":21}},"56":{"start":{"line":57,"column":0},"end":{"line":57,"column":6}},"57":{"start":{"line":58,"column":0},"end":{"line":58,"column":18}},"58":{"start":{"line":59,"column":0},"end":{"line":59,"column":55}},"59":{"start":{"line":60,"column":0},"end":{"line":60,"column":84}},"60":{"start":{"line":61,"column":0},"end":{"line":61,"column":22}},"61":{"start":{"line":62,"column":0},"end":{"line":62,"column":7}},"62":{"start":{"line":63,"column":0},"end":{"line":63,"column":4}},"63":{"start":{"line":64,"column":0},"end":{"line":64,"column":3}},"64":{"start":{"line":65,"column":0},"end":{"line":65,"column":3}}},"s":{"0":0,"1":0,"2":0,"4":0,"6":0,"7":0,"8":0,"9":0,"11":0,"12":0,"13":0,"14":0,"15":0,"16":0,"17":0,"18":0,"19":0,"20":0,"21":0,"23":0,"24":0,"25":0,"26":0,"27":0,"28":0,"29":0,"30":0,"31":0,"32":0,"33":0,"34":0,"35":0,"36":0,"37":0,"39":0,"40":0,"41":0,"42":0,"43":0,"44":0,"45":0,"46":0,"47":0,"48":0,"49":0,"50":0,"51":0,"52":0,"53":0,"54":0,"55":0,"56":0,"57":0,"58":0,"59":0,"60":0,"61":0,"62":0,"63":0,"64":0},"branchMap":{"0":{"type":"branch","line":1,"loc":{"start":{"line":1,"column":0},"end":{"line":65,"column":2}},"locations":[{"start":{"line":1,"column":0},"end":{"line":65,"column":2}}]}},"b":{"0":[0]},"fnMap":{"0":{"name":"(empty-report)","decl":{"start":{"line":1,"column":0},"end":{"line":65,"column":2}},"loc":{"start":{"line":1,"column":0},"end":{"line":65,"column":2}},"line":1}},"f":{"0":0}}
,"/Users/jace/Documents/GitHub/frolf-bot-pwa/scripts/check-contrast.js": {"path":"/Users/jace/Documents/GitHub/frolf-bot-pwa/scripts/check-contrast.js","all":true,"statementMap":{"0":{"start":{"line":1,"column":0},"end":{"line":1,"column":19}},"1":{"start":{"line":2,"column":0},"end":{"line":2,"column":68}},"2":{"start":{"line":3,"column":0},"end":{"line":3,"column":40}},"3":{"start":{"line":4,"column":0},"end":{"line":4,"column":20}},"4":{"start":{"line":5,"column":0},"end":{"line":5,"column":24}},"6":{"start":{"line":7,"column":0},"end":{"line":7,"column":24}},"7":{"start":{"line":8,"column":0},"end":{"line":8,"column":43}},"8":{"start":{"line":9,"column":0},"end":{"line":9,"column":66}},"9":{"start":{"line":10,"column":0},"end":{"line":10,"column":1}},"11":{"start":{"line":12,"column":0},"end":{"line":12,"column":25}},"12":{"start":{"line":13,"column":0},"end":{"line":13,"column":53}},"13":{"start":{"line":14,"column":0},"end":{"line":14,"column":74}},"14":{"start":{"line":15,"column":0},"end":{"line":15,"column":74}},"15":{"start":{"line":16,"column":0},"end":{"line":16,"column":74}},"16":{"start":{"line":17,"column":0},"end":{"line":17,"column":48}},"17":{"start":{"line":18,"column":0},"end":{"line":18,"column":1}},"19":{"start":{"line":20,"column":0},"end":{"line":20,"column":25}},"20":{"start":{"line":21,"column":0},"end":{"line":21,"column":25}},"21":{"start":{"line":22,"column":0},"end":{"line":22,"column":25}},"22":{"start":{"line":23,"column":0},"end":{"line":23,"column":36}},"23":{"start":{"line":24,"column":0},"end":{"line":24,"column":34}},"24":{"start":{"line":25,"column":0},"end":{"line":25,"column":46}},"25":{"start":{"line":26,"column":0},"end":{"line":26,"column":1}},"27":{"start":{"line":28,"column":0},"end":{"line":28,"column":81}},"28":{"start":{"line":29,"column":0},"end":{"line":29,"column":15}},"30":{"start":{"line":31,"column":0},"end":{"line":31,"column":51}},"31":{"start":{"line":32,"column":0},"end":{"line":32,"column":43}},"32":{"start":{"line":33,"column":0},"end":{"line":33,"column":88}},"33":{"start":{"line":34,"column":0},"end":{"line":34,"column":13}},"34":{"start":{"line":35,"column":0},"end":{"line":35,"column":58}},"35":{"start":{"line":36,"column":0},"end":{"line":36,"column":17}},"36":{"start":{"line":37,"column":0},"end":{"line":37,"column":1}},"37":{"start":{"line":38,"column":0},"end":{"line":38,"column":22}},"38":{"start":{"line":39,"column":0},"end":{"line":39,"column":23}},"39":{"start":{"line":40,"column":0},"end":{"line":40,"column":58}},"40":{"start":{"line":41,"column":0},"end":{"line":41,"column":26}},"41":{"start":{"line":42,"column":0},"end":{"line":42,"column":24}},"42":{"start":{"line":43,"column":0},"end":{"line":43,"column":1}},"43":{"start":{"line":44,"column":0},"end":{"line":44,"column":35}},"44":{"start":{"line":45,"column":0},"end":{"line":45,"column":35}},"45":{"start":{"line":46,"column":0},"end":{"line":46,"column":29}},"46":{"start":{"line":47,"column":0},"end":{"line":47,"column":47}},"47":{"start":{"line":48,"column":0},"end":{"line":48,"column":41}},"49":{"start":{"line":50,"column":0},"end":{"line":50,"column":49}},"50":{"start":{"line":51,"column":0},"end":{"line":51,"column":9}},"51":{"start":{"line":52,"column":0},"end":{"line":52,"column":100}},"52":{"start":{"line":53,"column":0},"end":{"line":53,"column":2}},"53":{"start":{"line":54,"column":0},"end":{"line":54,"column":9}},"54":{"start":{"line":55,"column":0},"end":{"line":55,"column":100}},"55":{"start":{"line":56,"column":0},"end":{"line":56,"column":2}},"56":{"start":{"line":57,"column":0},"end":{"line":57,"column":9}},"57":{"start":{"line":58,"column":0},"end":{"line":58,"column":127}},"58":{"start":{"line":59,"column":0},"end":{"line":59,"column":2}},"60":{"start":{"line":61,"column":0},"end":{"line":61,"column":57}},"61":{"start":{"line":62,"column":0},"end":{"line":62,"column":78}},"62":{"start":{"line":63,"column":0},"end":{"line":63,"column":78}},"63":{"start":{"line":64,"column":0},"end":{"line":64,"column":48}}},"s":{"0":0,"1":0,"2":0,"3":0,"4":0,"6":0,"7":0,"8":0,"9":0,"11":0,"12":0,"13":0,"14":0,"15":0,"16":0,"17":0,"19":0,"20":0,"21":0,"22":0,"23":0,"24":0,"25":0,"27":0,"28":0,"30":0,"31":0,"32":0,"33":0,"34":0,"35":0,"36":0,"37":0,"38":0,"39":0,"40":0,"41":0,"42":0,"43":0,"44":0,"45":0,"46":0,"47":0,"49":0,"50":0,"51":0,"52":0,"53":0,"54":0,"55":0,"56":0,"57":0,"58":0,"60":0,"61":0,"62":0,"63":0},"branchMap":{"0":{"type":"branch","line":1,"loc":{"start":{"line":1,"column":0},"end":{"line":64,"column":-175}},"locations":[{"start":{"line":1,"column":0},"end":{"line":64,"column":-175}}]}},"b":{"0":[0]},"fnMap":{"0":{"name":"(empty-report)","decl":{"start":{"line":1,"column":0},"end":{"line":64,"column":-175}},"loc":{"start":{"line":1,"column":0},"end":{"line":64,"column":-175}},"line":1}},"f":{"0":0}}
,"/Users/jace/Documents/GitHub/frolf-bot-pwa/src/auth.ts": {"path":"/Users/jace/Documents/GitHub/frolf-bot-pwa/src/auth.ts","all":true,"statementMap":{"0":{"start":{"line":1,"column":0},"end":{"line":1,"column":48}},"1":{"start":{"line":2,"column":0},"end":{"line":2,"column":56}},"3":{"start":{"line":4,"column":0},"end":{"line":4,"column":39}},"8":{"start":{"line":9,"column":0},"end":{"line":9,"column":19}},"10":{"start":{"line":11,"column":0},"end":{"line":11,"column":45}},"11":{"start":{"line":12,"column":0},"end":{"line":12,"column":47}},"13":{"start":{"line":14,"column":0},"end":{"line":14,"column":4}},"14":{"start":{"line":15,"column":0},"end":{"line":15,"column":13}},"15":{"start":{"line":16,"column":0},"end":{"line":16,"column":40}},"16":{"start":{"line":17,"column":0},"end":{"line":17,"column":41}},"17":{"start":{"line":18,"column":0},"end":{"line":18,"column":2}},"19":{"start":{"line":20,"column":0},"end":{"line":20,"column":170}},"20":{"start":{"line":21,"column":0},"end":{"line":21,"column":59}},"21":{"start":{"line":22,"column":0},"end":{"line":22,"column":29}},"22":{"start":{"line":23,"column":0},"end":{"line":23,"column":26}},"23":{"start":{"line":24,"column":0},"end":{"line":24,"column":18}},"24":{"start":{"line":25,"column":0},"end":{"line":25,"column":31}},"25":{"start":{"line":26,"column":0},"end":{"line":26,"column":30}},"26":{"start":{"line":27,"column":0},"end":{"line":27,"column":38}},"27":{"start":{"line":28,"column":0},"end":{"line":28,"column":52}},"28":{"start":{"line":29,"column":0},"end":{"line":29,"column":13}},"29":{"start":{"line":30,"column":0},"end":{"line":30,"column":46}},"30":{"start":{"line":31,"column":0},"end":{"line":31,"column":13}},"31":{"start":{"line":32,"column":0},"end":{"line":32,"column":11}},"32":{"start":{"line":33,"column":0},"end":{"line":33,"column":23}},"33":{"start":{"line":34,"column":0},"end":{"line":34,"column":58}},"34":{"start":{"line":35,"column":0},"end":{"line":35,"column":11}},"35":{"start":{"line":36,"column":0},"end":{"line":36,"column":11}},"36":{"start":{"line":37,"column":0},"end":{"line":37,"column":9}},"37":{"start":{"line":38,"column":0},"end":{"line":38,"column":30}},"38":{"start":{"line":39,"column":0},"end":{"line":39,"column":20}},"39":{"start":{"line":40,"column":0},"end":{"line":40,"column":19}},"40":{"start":{"line":41,"column":0},"end":{"line":41,"column":20}},"41":{"start":{"line":42,"column":0},"end":{"line":42,"column":8}},"43":{"start":{"line":44,"column":0},"end":{"line":44,"column":35}},"44":{"start":{"line":45,"column":0},"end":{"line":45,"column":20}},"45":{"start":{"line":46,"column":0},"end":{"line":46,"column":18}},"46":{"start":{"line":47,"column":0},"end":{"line":47,"column":51}},"47":{"start":{"line":48,"column":0},"end":{"line":48,"column":58}},"48":{"start":{"line":49,"column":0},"end":{"line":49,"column":11}},"49":{"start":{"line":50,"column":0},"end":{"line":50,"column":24}},"50":{"start":{"line":51,"column":0},"end":{"line":51,"column":16}},"51":{"start":{"line":52,"column":0},"end":{"line":52,"column":32}},"52":{"start":{"line":53,"column":0},"end":{"line":53,"column":29}},"53":{"start":{"line":54,"column":0},"end":{"line":54,"column":9}},"54":{"start":{"line":55,"column":0},"end":{"line":55,"column":10}},"55":{"start":{"line":56,"column":0},"end":{"line":56,"column":28}},"56":{"start":{"line":57,"column":0},"end":{"line":57,"column":28}},"57":{"start":{"line":58,"column":0},"end":{"line":58,"column":30}},"58":{"start":{"line":59,"column":0},"end":{"line":59,"column":1}},"61":{"start":{"line":62,"column":0},"end":{"line":62,"column":29}}},"s":{"0":0,"1":0,"3":0,"8":0,"10":0,"11":0,"13":0,"14":0,"15":0,"16":0,"17":0,"19":0,"20":0,"21":0,"22":0,"23":0,"24":0,"25":0,"26":0,"27":0,"28":0,"29":0,"30":0,"31":0,"32":0,"33":0,"34":0,"35":0,"36":0,"37":0,"38":0,"39":0,"40":0,"41":0,"43":0,"44":0,"45":0,"46":0,"47":0,"48":0,"49":0,"50":0,"51":0,"52":0,"53":0,"54":0,"55":0,"56":0,"57":0,"58":0,"61":0},"branchMap":{"0":{"type":"branch","line":1,"loc":{"start":{"line":1,"column":1914},"end":{"line":62,"column":29}},"locations":[{"start":{"line":1,"column":1914},"end":{"line":62,"column":29}}]}},"b":{"0":[0]},"fnMap":{"0":{"name":"(empty-report)","decl":{"start":{"line":1,"column":1914},"end":{"line":62,"column":29}},"loc":{"start":{"line":1,"column":1914},"end":{"line":62,"column":29}},"line":1}},"f":{"0":0}}
,"/Users/jace/Documents/GitHub/frolf-bot-pwa/src/hooks.server.ts": {"path":"/Users/jace/Documents/GitHub/frolf-bot-pwa/src/hooks.server.ts","all":true,"statementMap":{"0":{"start":{"line":1,"column":0},"end":{"line":1,"column":46}},"3":{"start":{"line":4,"column":0},"end":{"line":4,"column":41}}},"s":{"0":0,"3":0},"branchMap":{"0":{"type":"branch","line":1,"loc":{"start":{"line":1,"column":134},"end":{"line":4,"column":41}},"locations":[{"start":{"line":1,"column":134},"end":{"line":4,"column":41}}]}},"b":{"0":[0]},"fnMap":{"0":{"name":"(empty-report)","decl":{"start":{"line":1,"column":134},"end":{"line":4,"column":41}},"loc":{"start":{"line":1,"column":134},"end":{"line":4,"column":41}},"line":1}},"f":{"0":0}}
,"/Users/jace/Documents/GitHub/frolf-bot-pwa/src/hooks.ts": {"path":"/Users/jace/Documents/GitHub/frolf-bot-pwa/src/hooks.ts","all":true,"statementMap":{"0":{"start":{"line":1,"column":0},"end":{"line":1,"column":55}},"2":{"start":{"line":3,"column":0},"end":{"line":3,"column":72}}},"s":{"0":0,"2":0},"branchMap":{"0":{"type":"branch","line":1,"loc":{"start":{"line":1,"column":129},"end":{"line":3,"column":72}},"locations":[{"start":{"line":1,"column":129},"end":{"line":3,"column":72}}]}},"b":{"0":[0]},"fnMap":{"0":{"name":"(empty-report)","decl":{"start":{"line":1,"column":129},"end":{"line":3,"column":72}},"loc":{"start":{"line":1,"column":129},"end":{"line":3,"column":72}},"line":1}},"f":{"0":0}}
,"/Users/jace/Documents/GitHub/frolf-bot-pwa/src/lib/index.ts": {"path":"/Users/jace/Documents/GitHub/frolf-bot-pwa/src/lib/index.ts","all":true,"statementMap":{"2":{"start":{"line":3,"column":0},"end":{"line":3,"column":63}},"3":{"start":{"line":4,"column":0},"end":{"line":4,"column":69}}},"s":{"2":0,"3":0},"branchMap":{"0":{"type":"branch","line":1,"loc":{"start":{"line":1,"column":209},"end":{"line":4,"column":69}},"locations":[{"start":{"line":1,"column":209},"end":{"line":4,"column":69}}]}},"b":{"0":[1]},"fnMap":{"0":{"name":"(empty-report)","decl":{"start":{"line":1,"column":209},"end":{"line":4,"column":69}},"loc":{"start":{"line":1,"column":209},"end":{"line":4,"column":69}},"line":1}},"f":{"0":1}}
,"/Users/jace/Documents/GitHub/frolf-bot-pwa/src/lib/components/Button.stories.ts": {"path":"/Users/jace/Documents/GitHub/frolf-bot-pwa/src/lib/components/Button.stories.ts","all":true,"statementMap":{"1":{"start":{"line":2,"column":0},"end":{"line":2,"column":37}},"3":{"start":{"line":4,"column":0},"end":{"line":4,"column":28}},"4":{"start":{"line":5,"column":0},"end":{"line":5,"column":28}},"5":{"start":{"line":6,"column":0},"end":{"line":6,"column":19}},"6":{"start":{"line":7,"column":0},"end":{"line":7,"column":12}},"7":{"start":{"line":8,"column":0},"end":{"line":8,"column":12}},"8":{"start":{"line":9,"column":0},"end":{"line":9,"column":31}},"9":{"start":{"line":10,"column":0},"end":{"line":10,"column":46}},"10":{"start":{"line":11,"column":0},"end":{"line":11,"column":4}},"11":{"start":{"line":12,"column":0},"end":{"line":12,"column":9}},"12":{"start":{"line":13,"column":0},"end":{"line":13,"column":31}},"13":{"start":{"line":14,"column":0},"end":{"line":14,"column":30}},"14":{"start":{"line":15,"column":0},"end":{"line":15,"column":4}},"15":{"start":{"line":16,"column":0},"end":{"line":16,"column":35}},"16":{"start":{"line":17,"column":0},"end":{"line":17,"column":9}},"17":{"start":{"line":18,"column":0},"end":{"line":18,"column":31}},"18":{"start":{"line":19,"column":0},"end":{"line":19,"column":41}},"19":{"start":{"line":20,"column":0},"end":{"line":20,"column":3}},"20":{"start":{"line":21,"column":0},"end":{"line":21,"column":2}},"21":{"start":{"line":22,"column":0},"end":{"line":22,"column":2}},"23":{"start":{"line":24,"column":0},"end":{"line":24,"column":20}},"26":{"start":{"line":27,"column":0},"end":{"line":27,"column":31}},"27":{"start":{"line":28,"column":0},"end":{"line":28,"column":8}},"28":{"start":{"line":29,"column":0},"end":{"line":29,"column":21}},"29":{"start":{"line":30,"column":0},"end":{"line":30,"column":22}},"30":{"start":{"line":31,"column":0},"end":{"line":31,"column":2}},"31":{"start":{"line":32,"column":0},"end":{"line":32,"column":2}},"33":{"start":{"line":34,"column":0},"end":{"line":34,"column":33}},"34":{"start":{"line":35,"column":0},"end":{"line":35,"column":8}},"35":{"start":{"line":36,"column":0},"end":{"line":36,"column":23}},"36":{"start":{"line":37,"column":0},"end":{"line":37,"column":30}},"37":{"start":{"line":38,"column":0},"end":{"line":38,"column":2}},"38":{"start":{"line":39,"column":0},"end":{"line":39,"column":2}},"40":{"start":{"line":41,"column":0},"end":{"line":41,"column":30}},"41":{"start":{"line":42,"column":0},"end":{"line":42,"column":8}},"42":{"start":{"line":43,"column":0},"end":{"line":43,"column":20}},"43":{"start":{"line":44,"column":0},"end":{"line":44,"column":20}},"44":{"start":{"line":45,"column":0},"end":{"line":45,"column":2}},"45":{"start":{"line":46,"column":0},"end":{"line":46,"column":2}},"47":{"start":{"line":48,"column":0},"end":{"line":48,"column":29}},"48":{"start":{"line":49,"column":0},"end":{"line":49,"column":8}},"49":{"start":{"line":50,"column":0},"end":{"line":50,"column":13}},"50":{"start":{"line":51,"column":0},"end":{"line":51,"column":26}},"51":{"start":{"line":52,"column":0},"end":{"line":52,"column":2}},"52":{"start":{"line":53,"column":0},"end":{"line":53,"column":2}},"54":{"start":{"line":55,"column":0},"end":{"line":55,"column":29}},"55":{"start":{"line":56,"column":0},"end":{"line":56,"column":8}},"56":{"start":{"line":57,"column":0},"end":{"line":57,"column":13}},"57":{"start":{"line":58,"column":0},"end":{"line":58,"column":26}},"58":{"start":{"line":59,"column":0},"end":{"line":59,"column":2}},"59":{"start":{"line":60,"column":0},"end":{"line":60,"column":2}},"61":{"start":{"line":62,"column":0},"end":{"line":62,"column":32}},"62":{"start":{"line":63,"column":0},"end":{"line":63,"column":8}},"63":{"start":{"line":64,"column":0},"end":{"line":64,"column":17}},"64":{"start":{"line":65,"column":0},"end":{"line":65,"column":22}},"65":{"start":{"line":66,"column":0},"end":{"line":66,"column":2}},"66":{"start":{"line":67,"column":0},"end":{"line":67,"column":2}},"68":{"start":{"line":69,"column":0},"end":{"line":69,"column":39}},"69":{"start":{"line":70,"column":0},"end":{"line":70,"column":8}},"70":{"start":{"line":71,"column":0},"end":{"line":71,"column":21}},"71":{"start":{"line":72,"column":0},"end":{"line":72,"column":17}},"72":{"start":{"line":73,"column":0},"end":{"line":73,"column":30}},"73":{"start":{"line":74,"column":0},"end":{"line":74,"column":2}},"74":{"start":{"line":75,"column":0},"end":{"line":75,"column":2}},"76":{"start":{"line":77,"column":0},"end":{"line":77,"column":41}},"77":{"start":{"line":78,"column":0},"end":{"line":78,"column":8}},"78":{"start":{"line":79,"column":0},"end":{"line":79,"column":23}},"79":{"start":{"line":80,"column":0},"end":{"line":80,"column":17}},"80":{"start":{"line":81,"column":0},"end":{"line":81,"column":32}},"81":{"start":{"line":82,"column":0},"end":{"line":82,"column":2}},"82":{"start":{"line":83,"column":0},"end":{"line":83,"column":2}},"84":{"start":{"line":85,"column":0},"end":{"line":85,"column":38}},"85":{"start":{"line":86,"column":0},"end":{"line":86,"column":8}},"86":{"start":{"line":87,"column":0},"end":{"line":87,"column":20}},"87":{"start":{"line":88,"column":0},"end":{"line":88,"column":17}},"88":{"start":{"line":89,"column":0},"end":{"line":89,"column":29}},"89":{"start":{"line":90,"column":0},"end":{"line":90,"column":2}},"90":{"start":{"line":91,"column":0},"end":{"line":91,"column":2}}},"s":{"1":0,"3":0,"4":0,"5":0,"6":0,"7":0,"8":0,"9":0,"10":0,"11":0,"12":0,"13":0,"14":0,"15":0,"16":0,"17":0,"18":0,"19":0,"20":0,"21":0,"23":0,"26":0,"27":0,"28":0,"29":0,"30":0,"31":0,"33":0,"34":0,"35":0,"36":0,"37":0,"38":0,"40":0,"41":0,"42":0,"43":0,"44":0,"45":0,"47":0,"48":0,"49":0,"50":0,"51":0,"52":0,"54":0,"55":0,"56":0,"57":0,"58":0,"59":0,"61":0,"62":0,"63":0,"64":0,"65":0,"66":0,"68":0,"69":0,"70":0,"71":0,"72":0,"73":0,"74":0,"76":0,"77":0,"78":0,"79":0,"80":0,"81":0,"82":0,"84":0,"85":0,"86":0,"87":0,"88":0,"89":0,"90":0},"branchMap":{"0":{"type":"branch","line":1,"loc":{"start":{"line":1,"column":1479},"end":{"line":91,"column":2}},"locations":[{"start":{"line":1,"column":1479},"end":{"line":91,"column":2}}]}},"b":{"0":[1]},"fnMap":{"0":{"name":"(empty-report)","decl":{"start":{"line":1,"column":1479},"end":{"line":91,"column":2}},"loc":{"start":{"line":1,"column":1479},"end":{"line":91,"column":2}},"line":1}},"f":{"0":1}}
,"/Users/jace/Documents/GitHub/frolf-bot-pwa/src/lib/components/Button.svelte": {"path":"/Users/jace/Documents/GitHub/frolf-bot-pwa/src/lib/components/Button.svelte","all":true,"statementMap":{"0":{"start":{"line":1,"column":0},"end":{"line":1,"column":18}}},"s":{"0":0},"branchMap":{"0":{"type":"branch","line":1,"loc":{"start":{"line":1,"column":1984},"end":{"line":40,"column":9}},"locations":[{"start":{"line":1,"column":1984},"end":{"line":40,"column":9}}]}},"b":{"0":[0]},"fnMap":{"0":{"name":"(empty-report)","decl":{"start":{"line":1,"column":1984},"end":{"line":40,"column":9}},"loc":{"start":{"line":1,"column":1984},"end":{"line":40,"column":9}},"line":1}},"f":{"0":0}}
,"/Users/jace/Documents/GitHub/frolf-bot-pwa/src/lib/components/ConnectGuild.svelte": {"path":"/Users/jace/Documents/GitHub/frolf-bot-pwa/src/lib/components/ConnectGuild.svelte","all":false,"statementMap":{"0":{"start":{"line":1,"column":0},"end":{"line":1,"column":18}},"27":{"start":{"line":28,"column":0},"end":{"line":28,"column":7}},"31":{"start":{"line":32,"column":0},"end":{"line":32,"column":11}},"35":{"start":{"line":36,"column":0},"end":{"line":36,"column":36}},"38":{"start":{"line":39,"column":0},"end":{"line":39,"column":18}},"39":{"start":{"line":40,"column":0},"end":{"line":40,"column":39}},"42":{"start":{"line":43,"column":0},"end":{"line":43,"column":21}},"43":{"start":{"line":44,"column":0},"end":{"line":44,"column":72}},"52":{"start":{"line":53,"column":0},"end":{"line":53,"column":9}},"53":{"start":{"line":54,"column":0},"end":{"line":54,"column":8}}},"s":{"0":1,"27":1,"31":1,"35":1,"38":2,"39":2,"42":2,"43":1,"52":1,"53":1},"branchMap":{"0":{"type":"branch","line":36,"loc":{"start":{"line":36,"column":13},"end":{"line":36,"column":24}},"locations":[{"start":{"line":36,"column":13},"end":{"line":36,"column":24}}]},"1":{"type":"branch","line":44,"loc":{"start":{"line":44,"column":57},"end":{"line":44,"column":72}},"locations":[{"start":{"line":44,"column":57},"end":{"line":44,"column":72}}]},"2":{"type":"branch","line":43,"loc":{"start":{"line":43,"column":20},"end":{"line":43,"column":21}},"locations":[{"start":{"line":43,"column":20},"end":{"line":43,"column":21}}]},"3":{"type":"branch","line":36,"loc":{"start":{"line":36,"column":24},"end":{"line":43,"column":21}},"locations":[{"start":{"line":36,"column":24},"end":{"line":43,"column":21}}]},"4":{"type":"branch","line":40,"loc":{"start":{"line":40,"column":38},"end":{"line":40,"column":39}},"locations":[{"start":{"line":40,"column":38},"end":{"line":40,"column":39}}]},"5":{"type":"branch","line":36,"loc":{"start":{"line":36,"column":24},"end":{"line":39,"column":18}},"locations":[{"start":{"line":36,"column":24},"end":{"line":39,"column":18}}]},"6":{"type":"branch","line":36,"loc":{"start":{"line":36,"column":24},"end":{"line":40,"column":39}},"locations":[{"start":{"line":36,"column":24},"end":{"line":40,"column":39}}]},"7":{"type":"branch","line":32,"loc":{"start":{"line":32,"column":6},"end":{"line":32,"column":11}},"locations":[{"start":{"line":32,"column":6},"end":{"line":32,"column":11}}]},"8":{"type":"branch","line":54,"loc":{"start":{"line":54,"column":7},"end":{"line":54,"column":8}},"locations":[{"start":{"line":54,"column":7},"end":{"line":54,"column":8}}]},"9":{"type":"branch","line":53,"loc":{"start":{"line":53,"column":8},"end":{"line":53,"column":9}},"locations":[{"start":{"line":53,"column":8},"end":{"line":53,"column":9}}]},"10":{"type":"branch","line":28,"loc":{"start":{"line":28,"column":6},"end":{"line":28,"column":7}},"locations":[{"start":{"line":28,"column":6},"end":{"line":28,"column":7}}]}},"b":{"0":[1],"1":[1],"2":[1],"3":[2],"4":[0],"5":[2],"6":[2],"7":[1],"8":[1],"9":[1],"10":[1]},"fnMap":{},"f":{}}
,"/Users/jace/Documents/GitHub/frolf-bot-pwa/src/lib/components/Leaderboard.stories.ts": {"path":"/Users/jace/Documents/GitHub/frolf-bot-pwa/src/lib/components/Leaderboard.stories.ts","all":true,"statementMap":{"1":{"start":{"line":2,"column":0},"end":{"line":2,"column":47}},"3":{"start":{"line":4,"column":0},"end":{"line":4,"column":33}},"4":{"start":{"line":5,"column":0},"end":{"line":5,"column":33}},"5":{"start":{"line":6,"column":0},"end":{"line":6,"column":24}},"6":{"start":{"line":7,"column":0},"end":{"line":7,"column":12}},"7":{"start":{"line":8,"column":0},"end":{"line":8,"column":32}},"8":{"start":{"line":9,"column":0},"end":{"line":9,"column":2}},"9":{"start":{"line":10,"column":0},"end":{"line":10,"column":2}},"11":{"start":{"line":12,"column":0},"end":{"line":12,"column":20}},"14":{"start":{"line":15,"column":0},"end":{"line":15,"column":29}},"15":{"start":{"line":16,"column":0},"end":{"line":16,"column":8}},"16":{"start":{"line":17,"column":0},"end":{"line":17,"column":13}},"17":{"start":{"line":18,"column":0},"end":{"line":18,"column":2}},"18":{"start":{"line":19,"column":0},"end":{"line":19,"column":2}},"20":{"start":{"line":21,"column":0},"end":{"line":21,"column":35}},"21":{"start":{"line":22,"column":0},"end":{"line":22,"column":8}},"22":{"start":{"line":23,"column":0},"end":{"line":23,"column":12}},"23":{"start":{"line":24,"column":0},"end":{"line":24,"column":40}},"24":{"start":{"line":25,"column":0},"end":{"line":25,"column":40}},"25":{"start":{"line":26,"column":0},"end":{"line":26,"column":40}},"26":{"start":{"line":27,"column":0},"end":{"line":27,"column":39}},"27":{"start":{"line":28,"column":0},"end":{"line":28,"column":3}},"28":{"start":{"line":29,"column":0},"end":{"line":29,"column":2}},"29":{"start":{"line":30,"column":0},"end":{"line":30,"column":2}},"31":{"start":{"line":32,"column":0},"end":{"line":32,"column":36}},"32":{"start":{"line":33,"column":0},"end":{"line":33,"column":8}},"33":{"start":{"line":34,"column":0},"end":{"line":34,"column":12}},"34":{"start":{"line":35,"column":0},"end":{"line":35,"column":39}},"35":{"start":{"line":36,"column":0},"end":{"line":36,"column":3}},"36":{"start":{"line":37,"column":0},"end":{"line":37,"column":2}},"37":{"start":{"line":38,"column":0},"end":{"line":38,"column":2}}},"s":{"1":0,"3":0,"4":0,"5":0,"6":0,"7":0,"8":0,"9":0,"11":0,"14":0,"15":0,"16":0,"17":0,"18":0,"20":0,"21":0,"22":0,"23":0,"24":0,"25":0,"26":0,"27":0,"28":0,"29":0,"31":0,"32":0,"33":0,"34":0,"35":0,"36":0,"37":0},"branchMap":{"0":{"type":"branch","line":1,"loc":{"start":{"line":1,"column":710},"end":{"line":38,"column":2}},"locations":[{"start":{"line":1,"column":710},"end":{"line":38,"column":2}}]}},"b":{"0":[1]},"fnMap":{"0":{"name":"(empty-report)","decl":{"start":{"line":1,"column":710},"end":{"line":38,"column":2}},"loc":{"start":{"line":1,"column":710},"end":{"line":38,"column":2}},"line":1}},"f":{"0":1}}
,"/Users/jace/Documents/GitHub/frolf-bot-pwa/src/lib/components/Leaderboard.svelte": {"path":"/Users/jace/Documents/GitHub/frolf-bot-pwa/src/lib/components/Leaderboard.svelte","all":false,"statementMap":{"0":{"start":{"line":1,"column":0},"end":{"line":1,"column":18}},"64":{"start":{"line":65,"column":0},"end":{"line":65,"column":4}},"65":{"start":{"line":66,"column":0},"end":{"line":66,"column":35}},"68":{"start":{"line":69,"column":0},"end":{"line":69,"column":20}},"70":{"start":{"line":71,"column":0},"end":{"line":71,"column":10}},"71":{"start":{"line":72,"column":0},"end":{"line":72,"column":36}},"74":{"start":{"line":75,"column":0},"end":{"line":75,"column":11}},"75":{"start":{"line":76,"column":0},"end":{"line":76,"column":146}},"76":{"start":{"line":77,"column":0},"end":{"line":77,"column":32}},"80":{"start":{"line":81,"column":0},"end":{"line":81,"column":10}},"83":{"start":{"line":84,"column":0},"end":{"line":84,"column":55}},"84":{"start":{"line":85,"column":0},"end":{"line":85,"column":73}},"90":{"start":{"line":91,"column":0},"end":{"line":91,"column":10}},"93":{"start":{"line":94,"column":0},"end":{"line":94,"column":6}},"94":{"start":{"line":95,"column":0},"end":{"line":95,"column":6}}},"s":{"0":1,"64":1,"65":1,"68":1,"70":5,"71":5,"74":5,"75":5,"76":5,"80":5,"83":5,"84":2,"90":2,"93":2,"94":1},"branchMap":{"0":{"type":"branch","line":69,"loc":{"start":{"line":69,"column":8},"end":{"line":69,"column":20}},"locations":[{"start":{"line":69,"column":8},"end":{"line":69,"column":20}}]},"1":{"type":"branch","line":76,"loc":{"start":{"line":76,"column":25},"end":{"line":76,"column":37}},"locations":[{"start":{"line":76,"column":25},"end":{"line":76,"column":37}}]},"2":{"type":"branch","line":76,"loc":{"start":{"line":76,"column":37},"end":{"line":76,"column":45}},"locations":[{"start":{"line":76,"column":37},"end":{"line":76,"column":45}}]},"3":{"type":"branch","line":69,"loc":{"start":{"line":69,"column":19},"end":{"line":77,"column":18}},"locations":[{"start":{"line":69,"column":19},"end":{"line":77,"column":18}}]},"4":{"type":"branch","line":75,"loc":{"start":{"line":75,"column":10},"end":{"line":75,"column":11}},"locations":[{"start":{"line":75,"column":10},"end":{"line":75,"column":11}}]},"5":{"type":"branch","line":81,"loc":{"start":{"line":81,"column":9},"end":{"line":81,"column":10}},"locations":[{"start":{"line":81,"column":9},"end":{"line":81,"column":10}}]},"6":{"type":"branch","line":69,"loc":{"start":{"line":69,"column":19},"end":{"line":81,"column":10}},"locations":[{"start":{"line":69,"column":19},"end":{"line":81,"column":10}}]},"7":{"type":"branch","line":85,"loc":{"start":{"line":85,"column":31},"end":{"line":85,"column":73}},"locations":[{"start":{"line":85,"column":31},"end":{"line":85,"column":73}}]},"8":{"type":"branch","line":69,"loc":{"start":{"line":69,"column":19},"end":{"line":85,"column":31}},"locations":[{"start":{"line":69,"column":19},"end":{"line":85,"column":31}}]},"9":{"type":"branch","line":94,"loc":{"start":{"line":94,"column":5},"end":{"line":94,"column":6}},"locations":[{"start":{"line":94,"column":5},"end":{"line":94,"column":6}}]},"10":{"type":"branch","line":94,"loc":{"start":{"line":94,"column":5},"end":{"line":94,"column":6}},"locations":[{"start":{"line":94,"column":5},"end":{"line":94,"column":6}}]},"11":{"type":"branch","line":69,"loc":{"start":{"line":69,"column":19},"end":{"line":94,"column":6}},"locations":[{"start":{"line":69,"column":19},"end":{"line":94,"column":6}}]},"12":{"type":"branch","line":69,"loc":{"start":{"line":69,"column":19},"end":{"line":69,"column":20}},"locations":[{"start":{"line":69,"column":19},"end":{"line":69,"column":20}}]},"13":{"type":"branch","line":69,"loc":{"start":{"line":69,"column":19},"end":{"line":69,"column":20}},"locations":[{"start":{"line":69,"column":19},"end":{"line":69,"column":20}}]},"14":{"type":"branch","line":69,"loc":{"start":{"line":69,"column":19},"end":{"line":69,"column":20}},"locations":[{"start":{"line":69,"column":19},"end":{"line":69,"column":20}}]},"15":{"type":"branch","line":91,"loc":{"start":{"line":91,"column":9},"end":{"line":91,"column":10}},"locations":[{"start":{"line":91,"column":9},"end":{"line":91,"column":10}}]},"16":{"type":"branch","line":91,"loc":{"start":{"line":91,"column":9},"end":{"line":91,"column":10}},"locations":[{"start":{"line":91,"column":9},"end":{"line":91,"column":10}}]},"17":{"type":"branch","line":71,"loc":{"start":{"line":71,"column":9},"end":{"line":71,"column":10}},"locations":[{"start":{"line":71,"column":9},"end":{"line":71,"column":10}}]},"18":{"type":"branch","line":71,"loc":{"start":{"line":71,"column":9},"end":{"line":71,"column":10}},"locations":[{"start":{"line":71,"column":9},"end":{"line":71,"column":10}}]},"19":{"type":"branch","line":71,"loc":{"start":{"line":71,"column":9},"end":{"line":71,"column":10}},"locations":[{"start":{"line":71,"column":9},"end":{"line":71,"column":10}}]},"20":{"type":"branch","line":71,"loc":{"start":{"line":71,"column":9},"end":{"line":71,"column":10}},"locations":[{"start":{"line":71,"column":9},"end":{"line":71,"column":10}}]},"21":{"type":"branch","line":71,"loc":{"start":{"line":71,"column":9},"end":{"line":71,"column":10}},"locations":[{"start":{"line":71,"column":9},"end":{"line":71,"column":10}}]},"22":{"type":"branch","line":84,"loc":{"start":{"line":84,"column":52},"end":{"line":84,"column":55}},"locations":[{"start":{"line":84,"column":52},"end":{"line":84,"column":55}}]},"23":{"type":"branch","line":84,"loc":{"start":{"line":84,"column":54},"end":{"line":84,"column":55}},"locations":[{"start":{"line":84,"column":54},"end":{"line":84,"column":55}}]},"24":{"type":"branch","line":71,"loc":{"start":{"line":71,"column":9},"end":{"line":71,"column":10}},"locations":[{"start":{"line":71,"column":9},"end":{"line":71,"column":10}}]},"25":{"type":"branch","line":71,"loc":{"start":{"line":71,"column":9},"end":{"line":71,"column":10}},"locations":[{"start":{"line":71,"column":9},"end":{"line":71,"column":10}}]},"26":{"type":"branch","line":72,"loc":{"start":{"line":72,"column":35},"end":{"line":72,"column":36}},"locations":[{"start":{"line":72,"column":35},"end":{"line":72,"column":36}}]},"27":{"type":"branch","line":84,"loc":{"start":{"line":84,"column":54},"end":{"line":84,"column":55}},"locations":[{"start":{"line":84,"column":54},"end":{"line":84,"column":55}}]},"28":{"type":"branch","line":84,"loc":{"start":{"line":84,"column":54},"end":{"line":84,"column":55}},"locations":[{"start":{"line":84,"column":54},"end":{"line":84,"column":55}}]},"29":{"type":"branch","line":69,"loc":{"start":{"line":69,"column":19},"end":{"line":84,"column":55}},"locations":[{"start":{"line":69,"column":19},"end":{"line":84,"column":55}}]},"30":{"type":"branch","line":71,"loc":{"start":{"line":71,"column":9},"end":{"line":71,"column":10}},"locations":[{"start":{"line":71,"column":9},"end":{"line":71,"column":10}}]},"31":{"type":"branch","line":71,"loc":{"start":{"line":71,"column":9},"end":{"line":71,"column":10}},"locations":[{"start":{"line":71,"column":9},"end":{"line":71,"column":10}}]},"32":{"type":"branch","line":71,"loc":{"start":{"line":71,"column":9},"end":{"line":71,"column":10}},"locations":[{"start":{"line":71,"column":9},"end":{"line":71,"column":10}}]},"33":{"type":"branch","line":71,"loc":{"start":{"line":71,"column":9},"end":{"line":71,"column":10}},"locations":[{"start":{"line":71,"column":9},"end":{"line":71,"column":10}}]},"34":{"type":"branch","line":71,"loc":{"start":{"line":71,"column":9},"end":{"line":71,"column":10}},"locations":[{"start":{"line":71,"column":9},"end":{"line":71,"column":10}}]},"35":{"type":"branch","line":71,"loc":{"start":{"line":71,"column":9},"end":{"line":71,"column":10}},"locations":[{"start":{"line":71,"column":9},"end":{"line":71,"column":10}}]},"36":{"type":"branch","line":71,"loc":{"start":{"line":71,"column":9},"end":{"line":71,"column":10}},"locations":[{"start":{"line":71,"column":9},"end":{"line":71,"column":10}}]},"37":{"type":"branch","line":66,"loc":{"start":{"line":66,"column":5},"end":{"line":66,"column":35}},"locations":[{"start":{"line":66,"column":5},"end":{"line":66,"column":35}}]},"38":{"type":"branch","line":65,"loc":{"start":{"line":65,"column":3},"end":{"line":65,"column":4}},"locations":[{"start":{"line":65,"column":3},"end":{"line":65,"column":4}}]}},"b":{"0":[2],"1":[3],"2":[2],"3":[5],"4":[5],"5":[0],"6":[5],"7":[0],"8":[5],"9":[0],"10":[0],"11":[2],"12":[3],"13":[0],"14":[3],"15":[5],"16":[2],"17":[3],"18":[2],"19":[0],"20":[0],"21":[0],"22":[3],"23":[2],"24":[5],"25":[0],"26":[5],"27":[5],"28":[0],"29":[5],"30":[5],"31":[0],"32":[5],"33":[0],"34":[5],"35":[0],"36":[0],"37":[3],"38":[3]},"fnMap":{},"f":{}}
,"/Users/jace/Documents/GitHub/frolf-bot-pwa/src/lib/components/LeaderboardPreview.svelte": {"path":"/Users/jace/Documents/GitHub/frolf-bot-pwa/src/lib/components/LeaderboardPreview.svelte","all":false,"statementMap":{"0":{"start":{"line":1,"column":0},"end":{"line":1,"column":18}},"23":{"start":{"line":24,"column":0},"end":{"line":24,"column":24}},"25":{"start":{"line":26,"column":0},"end":{"line":26,"column":52}},"26":{"start":{"line":27,"column":0},"end":{"line":27,"column":13}},"30":{"start":{"line":31,"column":0},"end":{"line":31,"column":40}},"31":{"start":{"line":32,"column":0},"end":{"line":32,"column":7}},"34":{"start":{"line":35,"column":0},"end":{"line":35,"column":7}}},"s":{"0":1,"23":1,"25":1,"26":1,"30":1,"31":1,"34":1},"branchMap":{"0":{"type":"branch","line":26,"loc":{"start":{"line":26,"column":12},"end":{"line":26,"column":39}},"locations":[{"start":{"line":26,"column":12},"end":{"line":26,"column":39}}]},"1":{"type":"branch","line":26,"loc":{"start":{"line":26,"column":12},"end":{"line":26,"column":35}},"locations":[{"start":{"line":26,"column":12},"end":{"line":26,"column":35}}]},"2":{"type":"branch","line":26,"loc":{"start":{"line":26,"column":39},"end":{"line":27,"column":13}},"locations":[{"start":{"line":26,"column":39},"end":{"line":27,"column":13}}]},"3":{"type":"branch","line":27,"loc":{"start":{"line":27,"column":12},"end":{"line":27,"column":13}},"locations":[{"start":{"line":27,"column":12},"end":{"line":27,"column":13}}]},"4":{"type":"branch","line":27,"loc":{"start":{"line":27,"column":12},"end":{"line":27,"column":13}},"locations":[{"start":{"line":27,"column":12},"end":{"line":27,"column":13}}]},"5":{"type":"branch","line":26,"loc":{"start":{"line":26,"column":40},"end":{"line":27,"column":13}},"locations":[{"start":{"line":26,"column":40},"end":{"line":27,"column":13}}]},"6":{"type":"branch","line":26,"loc":{"start":{"line":26,"column":40},"end":{"line":27,"column":13}},"locations":[{"start":{"line":26,"column":40},"end":{"line":27,"column":13}}]},"7":{"type":"branch","line":31,"loc":{"start":{"line":31,"column":9},"end":{"line":31,"column":36}},"locations":[{"start":{"line":31,"column":9},"end":{"line":31,"column":36}}]},"8":{"type":"branch","line":31,"loc":{"start":{"line":31,"column":39},"end":{"line":32,"column":7}},"locations":[{"start":{"line":31,"column":39},"end":{"line":32,"column":7}}]},"9":{"type":"branch","line":32,"loc":{"start":{"line":32,"column":6},"end":{"line":32,"column":7}},"locations":[{"start":{"line":32,"column":6},"end":{"line":32,"column":7}}]},"10":{"type":"branch","line":32,"loc":{"start":{"line":32,"column":6},"end":{"line":32,"column":7}},"locations":[{"start":{"line":32,"column":6},"end":{"line":32,"column":7}}]},"11":{"type":"branch","line":31,"loc":{"start":{"line":31,"column":39},"end":{"line":32,"column":7}},"locations":[{"start":{"line":31,"column":39},"end":{"line":32,"column":7}}]},"12":{"type":"branch","line":31,"loc":{"start":{"line":31,"column":39},"end":{"line":32,"column":7}},"locations":[{"start":{"line":31,"column":39},"end":{"line":32,"column":7}}]},"13":{"type":"branch","line":35,"loc":{"start":{"line":35,"column":6},"end":{"line":35,"column":7}},"locations":[{"start":{"line":35,"column":6},"end":{"line":35,"column":7}}]},"14":{"type":"branch","line":35,"loc":{"start":{"line":35,"column":6},"end":{"line":35,"column":7}},"locations":[{"start":{"line":35,"column":6},"end":{"line":35,"column":7}}]},"15":{"type":"branch","line":35,"loc":{"start":{"line":35,"column":6},"end":{"line":35,"column":7}},"locations":[{"start":{"line":35,"column":6},"end":{"line":35,"column":7}}]},"16":{"type":"branch","line":24,"loc":{"start":{"line":24,"column":15},"end":{"line":24,"column":24}},"locations":[{"start":{"line":24,"column":15},"end":{"line":24,"column":24}}]},"17":{"type":"branch","line":24,"loc":{"start":{"line":24,"column":7},"end":{"line":24,"column":15}},"locations":[{"start":{"line":24,"column":7},"end":{"line":24,"column":15}}]}},"b":{"0":[1],"1":[1],"2":[1],"3":[0],"4":[0],"5":[1],"6":[1],"7":[1],"8":[1],"9":[0],"10":[0],"11":[1],"12":[1],"13":[1],"14":[0],"15":[1],"16":[1],"17":[2]},"fnMap":{},"f":{}}
,"/Users/jace/Documents/GitHub/frolf-bot-pwa/src/lib/components/LeaderboardPreviewControls.svelte": {"path":"/Users/jace/Documents/GitHub/frolf-bot-pwa/src/lib/components/LeaderboardPreviewControls.svelte","all":true,"statementMap":{"0":{"start":{"line":1,"column":0},"end":{"line":1,"column":18}},"29":{"start":{"line":30,"column":0},"end":{"line":30,"column":7}}},"s":{"0":0,"29":0},"branchMap":{"0":{"type":"branch","line":1,"loc":{"start":{"line":1,"column":1185},"end":{"line":32,"column":8}},"locations":[{"start":{"line":1,"column":1185},"end":{"line":32,"column":8}}]}},"b":{"0":[0]},"fnMap":{"0":{"name":"(empty-report)","decl":{"start":{"line":1,"column":1185},"end":{"line":32,"column":8}},"loc":{"start":{"line":1,"column":1185},"end":{"line":32,"column":8}},"line":1}},"f":{"0":0}}
,"/Users/jace/Documents/GitHub/frolf-bot-pwa/src/lib/components/OnboardingWizard.svelte": {"path":"/Users/jace/Documents/GitHub/frolf-bot-pwa/src/lib/components/OnboardingWizard.svelte","all":true,"statementMap":{"0":{"start":{"line":1,"column":0},"end":{"line":1,"column":18}},"10":{"start":{"line":11,"column":0},"end":{"line":11,"column":7}},"15":{"start":{"line":16,"column":0},"end":{"line":16,"column":10}},"20":{"start":{"line":21,"column":0},"end":{"line":21,"column":8}}},"s":{"0":0,"10":0,"15":0,"20":0},"branchMap":{"0":{"type":"branch","line":1,"loc":{"start":{"line":1,"column":1080},"end":{"line":31,"column":8}},"locations":[{"start":{"line":1,"column":1080},"end":{"line":31,"column":8}}]}},"b":{"0":[0]},"fnMap":{"0":{"name":"(empty-report)","decl":{"start":{"line":1,"column":1080},"end":{"line":31,"column":8}},"loc":{"start":{"line":1,"column":1080},"end":{"line":31,"column":8}},"line":1}},"f":{"0":0}}
,"/Users/jace/Documents/GitHub/frolf-bot-pwa/src/lib/components/RoundCard.stories.ts": {"path":"/Users/jace/Documents/GitHub/frolf-bot-pwa/src/lib/components/RoundCard.stories.ts","all":true,"statementMap":{"1":{"start":{"line":2,"column":0},"end":{"line":2,"column":43}},"4":{"start":{"line":5,"column":0},"end":{"line":5,"column":14}},"5":{"start":{"line":6,"column":0},"end":{"line":6,"column":32}},"6":{"start":{"line":7,"column":0},"end":{"line":7,"column":23}},"7":{"start":{"line":8,"column":0},"end":{"line":8,"column":21}},"8":{"start":{"line":9,"column":0},"end":{"line":9,"column":13}},"9":{"start":{"line":10,"column":0},"end":{"line":10,"column":43}},"10":{"start":{"line":11,"column":0},"end":{"line":11,"column":39}},"11":{"start":{"line":12,"column":0},"end":{"line":12,"column":36}},"12":{"start":{"line":13,"column":0},"end":{"line":13,"column":4}},"13":{"start":{"line":14,"column":0},"end":{"line":14,"column":28}},"15":{"start":{"line":16,"column":0},"end":{"line":16,"column":20}},"19":{"start":{"line":20,"column":0},"end":{"line":20,"column":26}},"20":{"start":{"line":21,"column":0},"end":{"line":21,"column":24}},"21":{"start":{"line":22,"column":0},"end":{"line":22,"column":24}},"22":{"start":{"line":23,"column":0},"end":{"line":23,"column":35}},"23":{"start":{"line":24,"column":0},"end":{"line":24,"column":88}},"24":{"start":{"line":25,"column":0},"end":{"line":25,"column":30}},"25":{"start":{"line":26,"column":0},"end":{"line":26,"column":39}},"26":{"start":{"line":27,"column":0},"end":{"line":27,"column":19}},"27":{"start":{"line":28,"column":0},"end":{"line":28,"column":17}},"28":{"start":{"line":29,"column":0},"end":{"line":29,"column":67}},"29":{"start":{"line":30,"column":0},"end":{"line":30,"column":66}},"30":{"start":{"line":31,"column":0},"end":{"line":31,"column":68}},"31":{"start":{"line":32,"column":0},"end":{"line":32,"column":76}},"32":{"start":{"line":33,"column":0},"end":{"line":33,"column":75}},"33":{"start":{"line":34,"column":0},"end":{"line":34,"column":4}},"34":{"start":{"line":35,"column":0},"end":{"line":35,"column":18}},"35":{"start":{"line":36,"column":0},"end":{"line":36,"column":39}},"36":{"start":{"line":37,"column":0},"end":{"line":37,"column":39}},"37":{"start":{"line":38,"column":0},"end":{"line":38,"column":2}},"39":{"start":{"line":40,"column":0},"end":{"line":40,"column":31}},"40":{"start":{"line":41,"column":0},"end":{"line":41,"column":9}},"41":{"start":{"line":42,"column":0},"end":{"line":42,"column":21}},"42":{"start":{"line":43,"column":0},"end":{"line":43,"column":21}},"43":{"start":{"line":44,"column":0},"end":{"line":44,"column":19}},"44":{"start":{"line":45,"column":0},"end":{"line":45,"column":56}},"45":{"start":{"line":46,"column":0},"end":{"line":46,"column":4}},"46":{"start":{"line":47,"column":0},"end":{"line":47,"column":2}},"48":{"start":{"line":49,"column":0},"end":{"line":49,"column":31}},"49":{"start":{"line":50,"column":0},"end":{"line":50,"column":9}},"50":{"start":{"line":51,"column":0},"end":{"line":51,"column":21}},"51":{"start":{"line":52,"column":0},"end":{"line":52,"column":21}},"52":{"start":{"line":53,"column":0},"end":{"line":53,"column":18}},"53":{"start":{"line":54,"column":0},"end":{"line":54,"column":64}},"54":{"start":{"line":55,"column":0},"end":{"line":55,"column":4}},"55":{"start":{"line":56,"column":0},"end":{"line":56,"column":2}},"57":{"start":{"line":58,"column":0},"end":{"line":58,"column":32}},"58":{"start":{"line":59,"column":0},"end":{"line":59,"column":9}},"59":{"start":{"line":60,"column":0},"end":{"line":60,"column":21}},"60":{"start":{"line":61,"column":0},"end":{"line":61,"column":22}},"61":{"start":{"line":62,"column":0},"end":{"line":62,"column":19}},"62":{"start":{"line":63,"column":0},"end":{"line":63,"column":65}},"63":{"start":{"line":64,"column":0},"end":{"line":64,"column":4}},"64":{"start":{"line":65,"column":0},"end":{"line":65,"column":2}}},"s":{"1":0,"4":0,"5":0,"6":0,"7":0,"8":0,"9":0,"10":0,"11":0,"12":0,"13":0,"15":0,"19":0,"20":0,"21":0,"22":0,"23":0,"24":0,"25":0,"26":0,"27":0,"28":0,"29":0,"30":0,"31":0,"32":0,"33":0,"34":0,"35":0,"36":0,"37":0,"39":0,"40":0,"41":0,"42":0,"43":0,"44":0,"45":0,"46":0,"48":0,"49":0,"50":0,"51":0,"52":0,"53":0,"54":0,"55":0,"57":0,"58":0,"59":0,"60":0,"61":0,"62":0,"63":0,"64":0},"branchMap":{"0":{"type":"branch","line":1,"loc":{"start":{"line":1,"column":1782},"end":{"line":65,"column":2}},"locations":[{"start":{"line":1,"column":1782},"end":{"line":65,"column":2}}]}},"b":{"0":[1]},"fnMap":{"0":{"name":"(empty-report)","decl":{"start":{"line":1,"column":1782},"end":{"line":65,"column":2}},"loc":{"start":{"line":1,"column":1782},"end":{"line":65,"column":2}},"line":1}},"f":{"0":1}}
,"/Users/jace/Documents/GitHub/frolf-bot-pwa/src/lib/components/RoundCard.svelte": {"path":"/Users/jace/Documents/GitHub/frolf-bot-pwa/src/lib/components/RoundCard.svelte","all":false,"statementMap":{"0":{"start":{"line":1,"column":0},"end":{"line":1,"column":18}}},"s":{"0":1},"branchMap":{},"b":{},"fnMap":{},"f":{}}
,"/Users/jace/Documents/GitHub/frolf-bot-pwa/src/lib/components/ScoreCard.stories.ts": {"path":"/Users/jace/Documents/GitHub/frolf-bot-pwa/src/lib/components/ScoreCard.stories.ts","all":true,"statementMap":{"1":{"start":{"line":2,"column":0},"end":{"line":2,"column":43}},"3":{"start":{"line":4,"column":0},"end":{"line":4,"column":31}},"4":{"start":{"line":5,"column":0},"end":{"line":5,"column":31}},"5":{"start":{"line":6,"column":0},"end":{"line":6,"column":22}},"6":{"start":{"line":7,"column":0},"end":{"line":7,"column":12}},"7":{"start":{"line":8,"column":0},"end":{"line":8,"column":34}},"8":{"start":{"line":9,"column":0},"end":{"line":9,"column":31}},"9":{"start":{"line":10,"column":0},"end":{"line":10,"column":29}},"10":{"start":{"line":11,"column":0},"end":{"line":11,"column":35}},"11":{"start":{"line":12,"column":0},"end":{"line":12,"column":2}},"12":{"start":{"line":13,"column":0},"end":{"line":13,"column":2}},"14":{"start":{"line":15,"column":0},"end":{"line":15,"column":20}},"17":{"start":{"line":18,"column":0},"end":{"line":18,"column":32}},"18":{"start":{"line":19,"column":0},"end":{"line":19,"column":8}},"19":{"start":{"line":20,"column":0},"end":{"line":20,"column":25}},"20":{"start":{"line":21,"column":0},"end":{"line":21,"column":11}},"21":{"start":{"line":22,"column":0},"end":{"line":22,"column":9}},"22":{"start":{"line":23,"column":0},"end":{"line":23,"column":15}},"23":{"start":{"line":24,"column":0},"end":{"line":24,"column":34}},"24":{"start":{"line":25,"column":0},"end":{"line":25,"column":2}},"25":{"start":{"line":26,"column":0},"end":{"line":26,"column":2}},"28":{"start":{"line":29,"column":0},"end":{"line":29,"column":31}},"29":{"start":{"line":30,"column":0},"end":{"line":30,"column":8}},"30":{"start":{"line":31,"column":0},"end":{"line":31,"column":27}},"31":{"start":{"line":32,"column":0},"end":{"line":32,"column":11}},"32":{"start":{"line":33,"column":0},"end":{"line":33,"column":9}},"33":{"start":{"line":34,"column":0},"end":{"line":34,"column":15}},"34":{"start":{"line":35,"column":0},"end":{"line":35,"column":33}},"35":{"start":{"line":36,"column":0},"end":{"line":36,"column":2}},"36":{"start":{"line":37,"column":0},"end":{"line":37,"column":2}},"38":{"start":{"line":39,"column":0},"end":{"line":39,"column":31}},"39":{"start":{"line":40,"column":0},"end":{"line":40,"column":8}},"40":{"start":{"line":41,"column":0},"end":{"line":41,"column":28}},"41":{"start":{"line":42,"column":0},"end":{"line":42,"column":11}},"42":{"start":{"line":43,"column":0},"end":{"line":43,"column":9}},"43":{"start":{"line":44,"column":0},"end":{"line":44,"column":15}},"44":{"start":{"line":45,"column":0},"end":{"line":45,"column":33}},"45":{"start":{"line":46,"column":0},"end":{"line":46,"column":2}},"46":{"start":{"line":47,"column":0},"end":{"line":47,"column":2}},"48":{"start":{"line":49,"column":0},"end":{"line":49,"column":30}},"49":{"start":{"line":50,"column":0},"end":{"line":50,"column":8}},"50":{"start":{"line":51,"column":0},"end":{"line":51,"column":28}},"51":{"start":{"line":52,"column":0},"end":{"line":52,"column":11}},"52":{"start":{"line":53,"column":0},"end":{"line":53,"column":9}},"53":{"start":{"line":54,"column":0},"end":{"line":54,"column":15}},"54":{"start":{"line":55,"column":0},"end":{"line":55,"column":32}},"55":{"start":{"line":56,"column":0},"end":{"line":56,"column":2}},"56":{"start":{"line":57,"column":0},"end":{"line":57,"column":2}},"58":{"start":{"line":59,"column":0},"end":{"line":59,"column":29}},"59":{"start":{"line":60,"column":0},"end":{"line":60,"column":8}},"60":{"start":{"line":61,"column":0},"end":{"line":61,"column":29}},"61":{"start":{"line":62,"column":0},"end":{"line":62,"column":11}},"62":{"start":{"line":63,"column":0},"end":{"line":63,"column":9}},"63":{"start":{"line":64,"column":0},"end":{"line":64,"column":15}},"64":{"start":{"line":65,"column":0},"end":{"line":65,"column":31}},"65":{"start":{"line":66,"column":0},"end":{"line":66,"column":2}},"66":{"start":{"line":67,"column":0},"end":{"line":67,"column":2}},"68":{"start":{"line":69,"column":0},"end":{"line":69,"column":29}},"69":{"start":{"line":70,"column":0},"end":{"line":70,"column":8}},"70":{"start":{"line":71,"column":0},"end":{"line":71,"column":26}},"71":{"start":{"line":72,"column":0},"end":{"line":72,"column":11}},"72":{"start":{"line":73,"column":0},"end":{"line":73,"column":9}},"73":{"start":{"line":74,"column":0},"end":{"line":74,"column":15}},"74":{"start":{"line":75,"column":0},"end":{"line":75,"column":31}},"75":{"start":{"line":76,"column":0},"end":{"line":76,"column":2}},"76":{"start":{"line":77,"column":0},"end":{"line":77,"column":2}},"78":{"start":{"line":79,"column":0},"end":{"line":79,"column":35}},"79":{"start":{"line":80,"column":0},"end":{"line":80,"column":8}},"80":{"start":{"line":81,"column":0},"end":{"line":81,"column":27}},"81":{"start":{"line":82,"column":0},"end":{"line":82,"column":11}},"82":{"start":{"line":83,"column":0},"end":{"line":83,"column":9}},"83":{"start":{"line":84,"column":0},"end":{"line":84,"column":15}},"84":{"start":{"line":85,"column":0},"end":{"line":85,"column":37}},"85":{"start":{"line":86,"column":0},"end":{"line":86,"column":2}},"86":{"start":{"line":87,"column":0},"end":{"line":87,"column":2}},"88":{"start":{"line":89,"column":0},"end":{"line":89,"column":33}},"89":{"start":{"line":90,"column":0},"end":{"line":90,"column":8}},"90":{"start":{"line":91,"column":0},"end":{"line":91,"column":29}},"91":{"start":{"line":92,"column":0},"end":{"line":92,"column":11}},"92":{"start":{"line":93,"column":0},"end":{"line":93,"column":9}},"93":{"start":{"line":94,"column":0},"end":{"line":94,"column":15}},"94":{"start":{"line":95,"column":0},"end":{"line":95,"column":35}},"95":{"start":{"line":96,"column":0},"end":{"line":96,"column":2}},"96":{"start":{"line":97,"column":0},"end":{"line":97,"column":2}}},"s":{"1":0,"3":0,"4":0,"5":0,"6":0,"7":0,"8":0,"9":0,"10":0,"11":0,"12":0,"14":0,"17":0,"18":0,"19":0,"20":0,"21":0,"22":0,"23":0,"24":0,"25":0,"28":0,"29":0,"30":0,"31":0,"32":0,"33":0,"34":0,"35":0,"36":0,"38":0,"39":0,"40":0,"41":0,"42":0,"43":0,"44":0,"45":0,"46":0,"48":0,"49":0,"50":0,"51":0,"52":0,"53":0,"54":0,"55":0,"56":0,"58":0,"59":0,"60":0,"61":0,"62":0,"63":0,"64":0,"65":0,"66":0,"68":0,"69":0,"70":0,"71":0,"72":0,"73":0,"74":0,"75":0,"76":0,"78":0,"79":0,"80":0,"81":0,"82":0,"83":0,"84":0,"85":0,"86":0,"88":0,"89":0,"90":0,"91":0,"92":0,"93":0,"94":0,"95":0,"96":0},"branchMap":{"0":{"type":"branch","line":1,"loc":{"start":{"line":1,"column":1588},"end":{"line":97,"column":2}},"locations":[{"start":{"line":1,"column":1588},"end":{"line":97,"column":2}}]}},"b":{"0":[1]},"fnMap":{"0":{"name":"(empty-report)","decl":{"start":{"line":1,"column":1588},"end":{"line":97,"column":2}},"loc":{"start":{"line":1,"column":1588},"end":{"line":97,"column":2}},"line":1}},"f":{"0":1}}
,"/Users/jace/Documents/GitHub/frolf-bot-pwa/src/lib/components/ScoreCard.svelte": {"path":"/Users/jace/Documents/GitHub/frolf-bot-pwa/src/lib/components/ScoreCard.svelte","all":false,"statementMap":{"0":{"start":{"line":1,"column":0},"end":{"line":1,"column":18}},"13":{"start":{"line":14,"column":0},"end":{"line":14,"column":7}},"16":{"start":{"line":17,"column":0},"end":{"line":17,"column":8}},"17":{"start":{"line":18,"column":0},"end":{"line":18,"column":26}},"20":{"start":{"line":21,"column":0},"end":{"line":21,"column":8}},"21":{"start":{"line":22,"column":0},"end":{"line":22,"column":7}}},"s":{"0":1,"13":1,"16":1,"17":1,"20":1,"21":1},"branchMap":{"0":{"type":"branch","line":18,"loc":{"start":{"line":18,"column":25},"end":{"line":18,"column":26}},"locations":[{"start":{"line":18,"column":25},"end":{"line":18,"column":26}}]},"1":{"type":"branch","line":21,"loc":{"start":{"line":21,"column":7},"end":{"line":21,"column":8}},"locations":[{"start":{"line":21,"column":7},"end":{"line":21,"column":8}}]},"2":{"type":"branch","line":22,"loc":{"start":{"line":22,"column":6},"end":{"line":22,"column":7}},"locations":[{"start":{"line":22,"column":6},"end":{"line":22,"column":7}}]}},"b":{"0":[0],"1":[0],"2":[0]},"fnMap":{},"f":{}}
,"/Users/jace/Documents/GitHub/frolf-bot-pwa/src/lib/components/StatusBadge.svelte": {"path":"/Users/jace/Documents/GitHub/frolf-bot-pwa/src/lib/components/StatusBadge.svelte","all":false,"statementMap":{"0":{"start":{"line":1,"column":0},"end":{"line":1,"column":18}}},"s":{"0":1},"branchMap":{},"b":{},"fnMap":{},"f":{}}
,"/Users/jace/Documents/GitHub/frolf-bot-pwa/src/lib/components/ThemeProvider.svelte": {"path":"/Users/jace/Documents/GitHub/frolf-bot-pwa/src/lib/components/ThemeProvider.svelte","all":true,"statementMap":{"0":{"start":{"line":1,"column":0},"end":{"line":1,"column":18}},"39":{"start":{"line":40,"column":0},"end":{"line":40,"column":26}}},"s":{"0":0,"39":0},"branchMap":{"0":{"type":"branch","line":1,"loc":{"start":{"line":1,"column":1148},"end":{"line":42,"column":6}},"locations":[{"start":{"line":1,"column":1148},"end":{"line":42,"column":6}}]}},"b":{"0":[0]},"fnMap":{"0":{"name":"(empty-report)","decl":{"start":{"line":1,"column":1148},"end":{"line":42,"column":6}},"loc":{"start":{"line":1,"column":1148},"end":{"line":42,"column":6}},"line":1}},"f":{"0":0}}
,"/Users/jace/Documents/GitHub/frolf-bot-pwa/src/lib/components/ThemeToggle.svelte": {"path":"/Users/jace/Documents/GitHub/frolf-bot-pwa/src/lib/components/ThemeToggle.svelte","all":false,"statementMap":{"0":{"start":{"line":1,"column":0},"end":{"line":1,"column":18}},"34":{"start":{"line":35,"column":0},"end":{"line":35,"column":6}},"37":{"start":{"line":38,"column":0},"end":{"line":38,"column":7}}},"s":{"0":1,"34":1,"37":1},"branchMap":{"0":{"type":"branch","line":38,"loc":{"start":{"line":38,"column":6},"end":{"line":38,"column":7}},"locations":[{"start":{"line":38,"column":6},"end":{"line":38,"column":7}}]},"1":{"type":"branch","line":35,"loc":{"start":{"line":35,"column":5},"end":{"line":35,"column":6}},"locations":[{"start":{"line":35,"column":5},"end":{"line":35,"column":6}}]},"2":{"type":"branch","line":35,"loc":{"start":{"line":35,"column":5},"end":{"line":35,"column":6}},"locations":[{"start":{"line":35,"column":5},"end":{"line":35,"column":6}}]},"3":{"type":"branch","line":35,"loc":{"start":{"line":35,"column":5},"end":{"line":35,"column":6}},"locations":[{"start":{"line":35,"column":5},"end":{"line":35,"column":6}}]}},"b":{"0":[1],"1":[1],"2":[3],"3":[1]},"fnMap":{},"f":{}}
,"/Users/jace/Documents/GitHub/frolf-bot-pwa/src/lib/components/UserProfile.stories.ts": {"path":"/Users/jace/Documents/GitHub/frolf-bot-pwa/src/lib/components/UserProfile.stories.ts","all":true,"statementMap":{"1":{"start":{"line":2,"column":0},"end":{"line":2,"column":47}},"3":{"start":{"line":4,"column":0},"end":{"line":4,"column":33}},"4":{"start":{"line":5,"column":0},"end":{"line":5,"column":33}},"5":{"start":{"line":6,"column":0},"end":{"line":6,"column":24}},"6":{"start":{"line":7,"column":0},"end":{"line":7,"column":12}},"7":{"start":{"line":8,"column":0},"end":{"line":8,"column":29}},"8":{"start":{"line":9,"column":0},"end":{"line":9,"column":2}},"9":{"start":{"line":10,"column":0},"end":{"line":10,"column":2}},"11":{"start":{"line":12,"column":0},"end":{"line":12,"column":20}},"14":{"start":{"line":15,"column":0},"end":{"line":15,"column":33}},"15":{"start":{"line":16,"column":0},"end":{"line":16,"column":8}},"16":{"start":{"line":17,"column":0},"end":{"line":17,"column":9}},"17":{"start":{"line":18,"column":0},"end":{"line":18,"column":21}},"18":{"start":{"line":19,"column":0},"end":{"line":19,"column":24}},"19":{"start":{"line":20,"column":0},"end":{"line":20,"column":48}},"20":{"start":{"line":21,"column":0},"end":{"line":21,"column":23}},"21":{"start":{"line":22,"column":0},"end":{"line":22,"column":16}},"22":{"start":{"line":23,"column":0},"end":{"line":23,"column":20}},"23":{"start":{"line":24,"column":0},"end":{"line":24,"column":18}},"24":{"start":{"line":25,"column":0},"end":{"line":25,"column":22}},"25":{"start":{"line":26,"column":0},"end":{"line":26,"column":3}},"26":{"start":{"line":27,"column":0},"end":{"line":27,"column":2}},"27":{"start":{"line":28,"column":0},"end":{"line":28,"column":2}},"29":{"start":{"line":30,"column":0},"end":{"line":30,"column":37}},"30":{"start":{"line":31,"column":0},"end":{"line":31,"column":8}},"31":{"start":{"line":32,"column":0},"end":{"line":32,"column":9}},"32":{"start":{"line":33,"column":0},"end":{"line":33,"column":21}},"33":{"start":{"line":34,"column":0},"end":{"line":34,"column":26}},"34":{"start":{"line":35,"column":0},"end":{"line":35,"column":23}},"35":{"start":{"line":36,"column":0},"end":{"line":36,"column":16}},"36":{"start":{"line":37,"column":0},"end":{"line":37,"column":19}},"37":{"start":{"line":38,"column":0},"end":{"line":38,"column":18}},"38":{"start":{"line":39,"column":0},"end":{"line":39,"column":22}},"39":{"start":{"line":40,"column":0},"end":{"line":40,"column":3}},"40":{"start":{"line":41,"column":0},"end":{"line":41,"column":2}},"41":{"start":{"line":42,"column":0},"end":{"line":42,"column":2}},"43":{"start":{"line":44,"column":0},"end":{"line":44,"column":33}},"44":{"start":{"line":45,"column":0},"end":{"line":45,"column":8}},"45":{"start":{"line":46,"column":0},"end":{"line":46,"column":9}},"46":{"start":{"line":47,"column":0},"end":{"line":47,"column":21}},"47":{"start":{"line":48,"column":0},"end":{"line":48,"column":27}},"48":{"start":{"line":49,"column":0},"end":{"line":49,"column":23}},"49":{"start":{"line":50,"column":0},"end":{"line":50,"column":16}},"50":{"start":{"line":51,"column":0},"end":{"line":51,"column":18}},"51":{"start":{"line":52,"column":0},"end":{"line":52,"column":3}},"52":{"start":{"line":53,"column":0},"end":{"line":53,"column":2}},"53":{"start":{"line":54,"column":0},"end":{"line":54,"column":2}},"55":{"start":{"line":56,"column":0},"end":{"line":56,"column":37}},"56":{"start":{"line":57,"column":0},"end":{"line":57,"column":8}},"57":{"start":{"line":58,"column":0},"end":{"line":58,"column":9}},"58":{"start":{"line":59,"column":0},"end":{"line":59,"column":21}},"59":{"start":{"line":60,"column":0},"end":{"line":60,"column":27}},"60":{"start":{"line":61,"column":0},"end":{"line":61,"column":48}},"61":{"start":{"line":62,"column":0},"end":{"line":62,"column":23}},"62":{"start":{"line":63,"column":0},"end":{"line":63,"column":16}},"63":{"start":{"line":64,"column":0},"end":{"line":64,"column":20}},"64":{"start":{"line":65,"column":0},"end":{"line":65,"column":18}},"65":{"start":{"line":66,"column":0},"end":{"line":66,"column":22}},"66":{"start":{"line":67,"column":0},"end":{"line":67,"column":3}},"67":{"start":{"line":68,"column":0},"end":{"line":68,"column":2}},"68":{"start":{"line":69,"column":0},"end":{"line":69,"column":2}}},"s":{"1":0,"3":0,"4":0,"5":0,"6":0,"7":0,"8":0,"9":0,"11":0,"14":0,"15":0,"16":0,"17":0,"18":0,"19":0,"20":0,"21":0,"22":0,"23":0,"24":0,"25":0,"26":0,"27":0,"29":0,"30":0,"31":0,"32":0,"33":0,"34":0,"35":0,"36":0,"37":0,"38":0,"39":0,"40":0,"41":0,"43":0,"44":0,"45":0,"46":0,"47":0,"48":0,"49":0,"50":0,"51":0,"52":0,"53":0,"55":0,"56":0,"57":0,"58":0,"59":0,"60":0,"61":0,"62":0,"63":0,"64":0,"65":0,"66":0,"67":0,"68":0},"branchMap":{"0":{"type":"branch","line":1,"loc":{"start":{"line":1,"column":1234},"end":{"line":69,"column":2}},"locations":[{"start":{"line":1,"column":1234},"end":{"line":69,"column":2}}]}},"b":{"0":[1]},"fnMap":{"0":{"name":"(empty-report)","decl":{"start":{"line":1,"column":1234},"end":{"line":69,"column":2}},"loc":{"start":{"line":1,"column":1234},"end":{"line":69,"column":2}},"line":1}},"f":{"0":1}}
,"/Users/jace/Documents/GitHub/frolf-bot-pwa/src/lib/components/UserProfile.svelte": {"path":"/Users/jace/Documents/GitHub/frolf-bot-pwa/src/lib/components/UserProfile.svelte","all":false,"statementMap":{"0":{"start":{"line":1,"column":0},"end":{"line":1,"column":18}},"43":{"start":{"line":44,"column":0},"end":{"line":44,"column":42}},"44":{"start":{"line":45,"column":0},"end":{"line":45,"column":23}},"45":{"start":{"line":46,"column":0},"end":{"line":46,"column":94}},"46":{"start":{"line":47,"column":0},"end":{"line":47,"column":9}},"47":{"start":{"line":48,"column":0},"end":{"line":48,"column":97}},"48":{"start":{"line":49,"column":0},"end":{"line":49,"column":111}},"51":{"start":{"line":52,"column":0},"end":{"line":52,"column":22}},"52":{"start":{"line":53,"column":0},"end":{"line":53,"column":82}},"55":{"start":{"line":56,"column":0},"end":{"line":56,"column":8}},"59":{"start":{"line":60,"column":0},"end":{"line":60,"column":87}},"60":{"start":{"line":61,"column":0},"end":{"line":61,"column":43}},"61":{"start":{"line":62,"column":0},"end":{"line":62,"column":38}},"66":{"start":{"line":67,"column":0},"end":{"line":67,"column":8}},"68":{"start":{"line":69,"column":0},"end":{"line":69,"column":29}},"71":{"start":{"line":72,"column":0},"end":{"line":72,"column":10}},"74":{"start":{"line":75,"column":0},"end":{"line":75,"column":6}}},"s":{"0":1,"43":1,"44":1,"45":1,"46":1,"47":1,"48":1,"51":1,"52":1,"55":1,"59":1,"60":1,"61":1,"66":1,"68":1,"71":1,"74":1},"branchMap":{"0":{"type":"branch","line":56,"loc":{"start":{"line":56,"column":7},"end":{"line":56,"column":8}},"locations":[{"start":{"line":56,"column":7},"end":{"line":56,"column":8}}]},"1":{"type":"branch","line":52,"loc":{"start":{"line":52,"column":7},"end":{"line":52,"column":21}},"locations":[{"start":{"line":52,"column":7},"end":{"line":52,"column":21}}]},"2":{"type":"branch","line":62,"loc":{"start":{"line":62,"column":37},"end":{"line":62,"column":38}},"locations":[{"start":{"line":62,"column":37},"end":{"line":62,"column":38}}]},"3":{"type":"branch","line":72,"loc":{"start":{"line":72,"column":9},"end":{"line":72,"column":10}},"locations":[{"start":{"line":72,"column":9},"end":{"line":72,"column":10}}]},"4":{"type":"branch","line":69,"loc":{"start":{"line":69,"column":8},"end":{"line":69,"column":29}},"locations":[{"start":{"line":69,"column":8},"end":{"line":69,"column":29}}]},"5":{"type":"branch","line":75,"loc":{"start":{"line":75,"column":5},"end":{"line":75,"column":6}},"locations":[{"start":{"line":75,"column":5},"end":{"line":75,"column":6}}]},"6":{"type":"branch","line":67,"loc":{"start":{"line":67,"column":5},"end":{"line":67,"column":8}},"locations":[{"start":{"line":67,"column":5},"end":{"line":67,"column":8}}]},"7":{"type":"branch","line":67,"loc":{"start":{"line":67,"column":7},"end":{"line":67,"column":8}},"locations":[{"start":{"line":67,"column":7},"end":{"line":67,"column":8}}]},"8":{"type":"branch","line":45,"loc":{"start":{"line":45,"column":11},"end":{"line":45,"column":23}},"locations":[{"start":{"line":45,"column":11},"end":{"line":45,"column":23}}]},"9":{"type":"branch","line":46,"loc":{"start":{"line":46,"column":13},"end":{"line":46,"column":94}},"locations":[{"start":{"line":46,"column":13},"end":{"line":46,"column":94}}]},"10":{"type":"branch","line":48,"loc":{"start":{"line":48,"column":17},"end":{"line":48,"column":24}},"locations":[{"start":{"line":48,"column":17},"end":{"line":48,"column":24}}]},"11":{"type":"branch","line":48,"loc":{"start":{"line":48,"column":17},"end":{"line":48,"column":97}},"locations":[{"start":{"line":48,"column":17},"end":{"line":48,"column":97}}]},"12":{"type":"branch","line":44,"loc":{"start":{"line":44,"column":41},"end":{"line":44,"column":42}},"locations":[{"start":{"line":44,"column":41},"end":{"line":44,"column":42}}]},"13":{"type":"branch","line":47,"loc":{"start":{"line":47,"column":8},"end":{"line":47,"column":9}},"locations":[{"start":{"line":47,"column":8},"end":{"line":47,"column":9}}]},"14":{"type":"branch","line":1,"loc":{"start":{"line":1,"column":17},"end":{"line":60,"column":76}},"locations":[{"start":{"line":1,"column":17},"end":{"line":60,"column":76}}]}},"b":{"0":[1],"1":[1],"2":[1],"3":[1],"4":[1],"5":[1],"6":[1],"7":[0],"8":[1],"9":[1],"10":[1],"11":[1],"12":[0],"13":[0],"14":[1]},"fnMap":{},"f":{}}
,"/Users/jace/Documents/GitHub/frolf-bot-pwa/src/lib/components/icons/Accessibility.svelte": {"path":"/Users/jace/Documents/GitHub/frolf-bot-pwa/src/lib/components/icons/Accessibility.svelte","all":true,"statementMap":{"0":{"start":{"line":1,"column":0},"end":{"line":1,"column":18}},"10":{"start":{"line":11,"column":0},"end":{"line":11,"column":13}},"11":{"start":{"line":12,"column":0},"end":{"line":12,"column":26}},"12":{"start":{"line":13,"column":0},"end":{"line":13,"column":7}}},"s":{"0":0,"10":0,"11":0,"12":0},"branchMap":{"0":{"type":"branch","line":1,"loc":{"start":{"line":1,"column":2096},"end":{"line":20,"column":6}},"locations":[{"start":{"line":1,"column":2096},"end":{"line":20,"column":6}}]}},"b":{"0":[0]},"fnMap":{"0":{"name":"(empty-report)","decl":{"start":{"line":1,"column":2096},"end":{"line":20,"column":6}},"loc":{"start":{"line":1,"column":2096},"end":{"line":20,"column":6}},"line":1}},"f":{"0":0}}
,"/Users/jace/Documents/GitHub/frolf-bot-pwa/src/lib/components/icons/ActiveRounds.svelte": {"path":"/Users/jace/Documents/GitHub/frolf-bot-pwa/src/lib/components/icons/ActiveRounds.svelte","all":true,"statementMap":{"0":{"start":{"line":1,"column":0},"end":{"line":1,"column":18}},"10":{"start":{"line":11,"column":0},"end":{"line":11,"column":15}},"11":{"start":{"line":12,"column":0},"end":{"line":12,"column":21}},"15":{"start":{"line":16,"column":0},"end":{"line":16,"column":39}},"16":{"start":{"line":17,"column":0},"end":{"line":17,"column":47}},"17":{"start":{"line":18,"column":0},"end":{"line":18,"column":45}},"18":{"start":{"line":19,"column":0},"end":{"line":19,"column":22}},"19":{"start":{"line":20,"column":0},"end":{"line":20,"column":1}},"21":{"start":{"line":22,"column":0},"end":{"line":22,"column":26}},"22":{"start":{"line":23,"column":0},"end":{"line":23,"column":7}}},"s":{"0":0,"10":0,"11":0,"15":0,"16":0,"17":0,"18":0,"19":0,"21":0,"22":0},"branchMap":{"0":{"type":"branch","line":1,"loc":{"start":{"line":1,"column":747},"end":{"line":25,"column":6}},"locations":[{"start":{"line":1,"column":747},"end":{"line":25,"column":6}}]}},"b":{"0":[0]},"fnMap":{"0":{"name":"(empty-report)","decl":{"start":{"line":1,"column":747},"end":{"line":25,"column":6}},"loc":{"start":{"line":1,"column":747},"end":{"line":25,"column":6}},"line":1}},"f":{"0":0}}
,"/Users/jace/Documents/GitHub/frolf-bot-pwa/src/lib/components/icons/Completed.svelte": {"path":"/Users/jace/Documents/GitHub/frolf-bot-pwa/src/lib/components/icons/Completed.svelte","all":true,"statementMap":{"0":{"start":{"line":1,"column":0},"end":{"line":1,"column":18}},"10":{"start":{"line":11,"column":0},"end":{"line":11,"column":15}},"11":{"start":{"line":12,"column":0},"end":{"line":12,"column":21}},"15":{"start":{"line":16,"column":0},"end":{"line":16,"column":39}},"16":{"start":{"line":17,"column":0},"end":{"line":17,"column":47}},"17":{"start":{"line":18,"column":0},"end":{"line":18,"column":45}},"18":{"start":{"line":19,"column":0},"end":{"line":19,"column":22}},"19":{"start":{"line":20,"column":0},"end":{"line":20,"column":1}},"21":{"start":{"line":22,"column":0},"end":{"line":22,"column":26}},"22":{"start":{"line":23,"column":0},"end":{"line":23,"column":7}}},"s":{"0":0,"10":0,"11":0,"15":0,"16":0,"17":0,"18":0,"19":0,"21":0,"22":0},"branchMap":{"0":{"type":"branch","line":1,"loc":{"start":{"line":1,"column":766},"end":{"line":25,"column":6}},"locations":[{"start":{"line":1,"column":766},"end":{"line":25,"column":6}}]}},"b":{"0":[0]},"fnMap":{"0":{"name":"(empty-report)","decl":{"start":{"line":1,"column":766},"end":{"line":25,"column":6}},"loc":{"start":{"line":1,"column":766},"end":{"line":25,"column":6}},"line":1}},"f":{"0":0}}
[...]
,"/Users/jace/Documents/GitHub/frolf-bot-pwa/src/stories/Header.stories.svelte": {"path":"/Users/jace/Documents/GitHub/frolf-bot-pwa/src/stories/Header.stories.svelte","all":true,"statementMap":{"6":{"start":{"line":7,"column":0},"end":{"line":7,"column":32}},"7":{"start":{"line":8,"column":0},"end":{"line":8,"column":28}},"8":{"start":{"line":9,"column":0},"end":{"line":9,"column":22}},"10":{"start":{"line":11,"column":0},"end":{"line":11,"column":23}},"11":{"start":{"line":12,"column":0},"end":{"line":12,"column":17}},"13":{"start":{"line":14,"column":0},"end":{"line":14,"column":27}},"15":{"start":{"line":16,"column":0},"end":{"line":16,"column":11}},"16":{"start":{"line":17,"column":0},"end":{"line":17,"column":20}},"17":{"start":{"line":18,"column":0},"end":{"line":18,"column":21}},"18":{"start":{"line":19,"column":0},"end":{"line":19,"column":28}},"23":{"start":{"line":24,"column":0},"end":{"line":24,"column":64}}},"s":{"6":0,"7":0,"8":0,"10":0,"11":0,"13":0,"15":0,"16":0,"17":0,"18":0,"23":0},"branchMap":{"0":{"type":"branch","line":1,"loc":{"start":{"line":1,"column":828},"end":{"line":26,"column":27}},"locations":[{"start":{"line":1,"column":828},"end":{"line":26,"column":27}}]}},"b":{"0":[1]},"fnMap":{"0":{"name":"(empty-report)","decl":{"start":{"line":1,"column":828},"end":{"line":26,"column":27}},"loc":{"start":{"line":1,"column":828},"end":{"line":26,"column":27}},"line":1}},"f":{"0":1}}
,"/Users/jace/Documents/GitHub/frolf-bot-pwa/src/stories/Header.stories.ts": {"path":"/Users/jace/Documents/GitHub/frolf-bot-pwa/src/stories/Header.stories.ts","all":true,"statementMap":{"1":{"start":{"line":2,"column":0},"end":{"line":2,"column":37}},"3":{"start":{"line":4,"column":0},"end":{"line":4,"column":20}},"4":{"start":{"line":5,"column":0},"end":{"line":5,"column":26}},"5":{"start":{"line":6,"column":0},"end":{"line":6,"column":20}},"6":{"start":{"line":7,"column":0},"end":{"line":7,"column":21}},"7":{"start":{"line":8,"column":0},"end":{"line":8,"column":15}},"8":{"start":{"line":9,"column":0},"end":{"line":9,"column":25}},"9":{"start":{"line":10,"column":0},"end":{"line":10,"column":4}},"10":{"start":{"line":11,"column":0},"end":{"line":11,"column":9}},"11":{"start":{"line":12,"column":0},"end":{"line":12,"column":22}},"12":{"start":{"line":13,"column":0},"end":{"line":13,"column":23}},"13":{"start":{"line":14,"column":0},"end":{"line":14,"column":30}},"14":{"start":{"line":15,"column":0},"end":{"line":15,"column":4}},"15":{"start":{"line":16,"column":0},"end":{"line":16,"column":2}},"17":{"start":{"line":18,"column":0},"end":{"line":18,"column":20}},"20":{"start":{"line":21,"column":0},"end":{"line":21,"column":72}},"21":{"start":{"line":22,"column":0},"end":{"line":22,"column":35}}},"s":{"1":0,"3":0,"4":0,"5":0,"6":0,"7":0,"8":0,"9":0,"10":0,"11":0,"12":0,"13":0,"14":0,"15":0,"17":0,"20":0,"21":0},"branchMap":{"0":{"type":"branch","line":1,"loc":{"start":{"line":1,"column":499},"end":{"line":22,"column":35}},"locations":[{"start":{"line":1,"column":499},"end":{"line":22,"column":35}}]}},"b":{"0":[1]},"fnMap":{"0":{"name":"(empty-report)","decl":{"start":{"line":1,"column":499},"end":{"line":22,"column":35}},"loc":{"start":{"line":1,"column":499},"end":{"line":22,"column":35}},"line":1}},"f":{"0":1}}
,"/Users/jace/Documents/GitHub/frolf-bot-pwa/src/stories/Header.svelte": {"path":"/Users/jace/Documents/GitHub/frolf-bot-pwa/src/stories/Header.svelte","all":true,"statementMap":{"0":{"start":{"line":1,"column":0},"end":{"line":1,"column":18}},"44":{"start":{"line":45,"column":0},"end":{"line":45,"column":9}}},"s":{"0":0,"44":0},"branchMap":{"0":{"type":"branch","line":1,"loc":{"start":{"line":1,"column":1426},"end":{"line":45,"column":9}},"locations":[{"start":{"line":1,"column":1426},"end":{"line":45,"column":9}}]}},"b":{"0":[0]},"fnMap":{"0":{"name":"(empty-report)","decl":{"start":{"line":1,"column":1426},"end":{"line":45,"column":9}},"loc":{"start":{"line":1,"column":1426},"end":{"line":45,"column":9}},"line":1}},"f":{"0":0}}
,"/Users/jace/Documents/GitHub/frolf-bot-pwa/src/stories/LeaderboardPreview.legacy.stories.svelte": {"path":"/Users/jace/Documents/GitHub/frolf-bot-pwa/src/stories/LeaderboardPreview.legacy.stories.svelte","all":true,"statementMap":{"0":{"start":{"line":1,"column":0},"end":{"line":1,"column":9}},"6":{"start":{"line":7,"column":0},"end":{"line":7,"column":39}}},"s":{"0":0,"6":0},"branchMap":{"0":{"type":"branch","line":1,"loc":{"start":{"line":1,"column":476},"end":{"line":19,"column":3}},"locations":[{"start":{"line":1,"column":476},"end":{"line":19,"column":3}}]}},"b":{"0":[0]},"fnMap":{"0":{"name":"(empty-report)","decl":{"start":{"line":1,"column":476},"end":{"line":19,"column":3}},"loc":{"start":{"line":1,"column":476},"end":{"line":19,"column":3}},"line":1}},"f":{"0":0}}
,"/Users/jace/Documents/GitHub/frolf-bot-pwa/src/stories/LeaderboardPreview.stories.svelte": {"path":"/Users/jace/Documents/GitHub/frolf-bot-pwa/src/stories/LeaderboardPreview.stories.svelte","all":true,"statementMap":{"0":{"start":{"line":1,"column":0},"end":{"line":1,"column":8}},"5":{"start":{"line":6,"column":0},"end":{"line":6,"column":39}}},"s":{"0":0,"5":0},"branchMap":{"0":{"type":"branch","line":1,"loc":{"start":{"line":1,"column":461},"end":{"line":16,"column":6}},"locations":[{"start":{"line":1,"column":461},"end":{"line":16,"column":6}}]}},"b":{"0":[0]},"fnMap":{"0":{"name":"(empty-report)","decl":{"start":{"line":1,"column":461},"end":{"line":16,"column":6}},"loc":{"start":{"line":1,"column":461},"end":{"line":16,"column":6}},"line":1}},"f":{"0":0}}
,"/Users/jace/Documents/GitHub/frolf-bot-pwa/src/stories/LeaderboardPreview.stories.ts": {"path":"/Users/jace/Documents/GitHub/frolf-bot-pwa/src/stories/LeaderboardPreview.stories.ts","all":true,"statementMap":{"1":{"start":{"line":2,"column":0},"end":{"line":2,"column":61}},"3":{"start":{"line":4,"column":0},"end":{"line":4,"column":20}},"4":{"start":{"line":5,"column":0},"end":{"line":5,"column":38}},"5":{"start":{"line":6,"column":0},"end":{"line":6,"column":32}},"6":{"start":{"line":7,"column":0},"end":{"line":7,"column":2}},"8":{"start":{"line":9,"column":0},"end":{"line":9,"column":20}},"11":{"start":{"line":12,"column":0},"end":{"line":12,"column":33}}},"s":{"1":0,"3":0,"4":0,"5":0,"6":0,"8":0,"11":0},"branchMap":{"0":{"type":"branch","line":1,"loc":{"start":{"line":1,"column":322},"end":{"line":12,"column":33}},"locations":[{"start":{"line":1,"column":322},"end":{"line":12,"column":33}}]}},"b":{"0":[1]},"fnMap":{"0":{"name":"(empty-report)","decl":{"start":{"line":1,"column":322},"end":{"line":12,"column":33}},"loc":{"start":{"line":1,"column":322},"end":{"line":12,"column":33}},"line":1}},"f":{"0":1}}
,"/Users/jace/Documents/GitHub/frolf-bot-pwa/src/stories/LeaderboardWrapper.svelte": {"path":"/Users/jace/Documents/GitHub/frolf-bot-pwa/src/stories/LeaderboardWrapper.svelte","all":true,"statementMap":{"0":{"start":{"line":1,"column":0},"end":{"line":1,"column":8}},"5":{"start":{"line":6,"column":0},"end":{"line":6,"column":40}}},"s":{"0":0,"5":0},"branchMap":{"0":{"type":"branch","line":1,"loc":{"start":{"line":1,"column":465},"end":{"line":16,"column":6}},"locations":[{"start":{"line":1,"column":465},"end":{"line":16,"column":6}}]}},"b":{"0":[0]},"fnMap":{"0":{"name":"(empty-report)","decl":{"start":{"line":1,"column":465},"end":{"line":16,"column":6}},"loc":{"start":{"line":1,"column":465},"end":{"line":16,"column":6}},"line":1}},"f":{"0":0}}
,"/Users/jace/Documents/GitHub/frolf-bot-pwa/src/stories/OnboardingWizard.stories.svelte": {"path":"/Users/jace/Documents/GitHub/frolf-bot-pwa/src/stories/OnboardingWizard.stories.svelte","all":true,"statementMap":{"0":{"start":{"line":1,"column":0},"end":{"line":1,"column":8}},"4":{"start":{"line":5,"column":0},"end":{"line":5,"column":101}},"5":{"start":{"line":6,"column":0},"end":{"line":6,"column":155}},"6":{"start":{"line":7,"column":0},"end":{"line":7,"column":200}},"10":{"start":{"line":11,"column":0},"end":{"line":11,"column":35}},"15":{"start":{"line":16,"column":0},"end":{"line":16,"column":39}},"20":{"start":{"line":21,"column":0},"end":{"line":21,"column":41}},"23":{"start":{"line":24,"column":0},"end":{"line":24,"column":45}}},"s":{"0":0,"4":0,"5":0,"6":0,"10":0,"15":0,"20":0,"23":0},"branchMap":{"0":{"type":"branch","line":1,"loc":{"start":{"line":1,"column":902},"end":{"line":24,"column":45}},"locations":[{"start":{"line":1,"column":902},"end":{"line":24,"column":45}}]}},"b":{"0":[0]},"fnMap":{"0":{"name":"(empty-report)","decl":{"start":{"line":1,"column":902},"end":{"line":24,"column":45}},"loc":{"start":{"line":1,"column":902},"end":{"line":24,"column":45}},"line":1}},"f":{"0":0}}
,"/Users/jace/Documents/GitHub/frolf-bot-pwa/src/stories/OnboardingWizard.stories.ts": {"path":"/Users/jace/Documents/GitHub/frolf-bot-pwa/src/stories/OnboardingWizard.stories.ts","all":true,"statementMap":{"2":{"start":{"line":3,"column":0},"end":{"line":3,"column":71}},"3":{"start":{"line":4,"column":0},"end":{"line":4,"column":43}},"5":{"start":{"line":6,"column":0},"end":{"line":6,"column":100}},"6":{"start":{"line":7,"column":0},"end":{"line":7,"column":154}},"7":{"start":{"line":8,"column":0},"end":{"line":8,"column":199}},"9":{"start":{"line":10,"column":0},"end":{"line":10,"column":25}},"10":{"start":{"line":11,"column":0},"end":{"line":11,"column":36}},"11":{"start":{"line":12,"column":0},"end":{"line":12,"column":37}},"12":{"start":{"line":13,"column":0},"end":{"line":13,"column":2}},"14":{"start":{"line":15,"column":0},"end":{"line":15,"column":20}},"17":{"start":{"line":18,"column":0},"end":{"line":18,"column":59}},"18":{"start":{"line":19,"column":0},"end":{"line":19,"column":67}},"19":{"start":{"line":20,"column":0},"end":{"line":20,"column":71}}},"s":{"2":0,"3":0,"5":0,"6":0,"7":0,"9":0,"10":0,"11":0,"12":0,"14":0,"17":0,"18":0,"19":0},"branchMap":{"0":{"type":"branch","line":1,"loc":{"start":{"line":1,"column":1041},"end":{"line":20,"column":71}},"locations":[{"start":{"line":1,"column":1041},"end":{"line":20,"column":71}}]}},"b":{"0":[1]},"fnMap":{"0":{"name":"(empty-report)","decl":{"start":{"line":1,"column":1041},"end":{"line":20,"column":71}},"loc":{"start":{"line":1,"column":1041},"end":{"line":20,"column":71}},"line":1}},"f":{"0":1}}
,"/Users/jace/Documents/GitHub/frolf-bot-pwa/src/stories/Page.legacy.stories.svelte": {"path":"/Users/jace/Documents/GitHub/frolf-bot-pwa/src/stories/Page.legacy.stories.svelte","all":true,"statementMap":{"7":{"start":{"line":8,"column":0},"end":{"line":8,"column":32}},"8":{"start":{"line":9,"column":0},"end":{"line":9,"column":26}},"9":{"start":{"line":10,"column":0},"end":{"line":10,"column":20}},"10":{"start":{"line":11,"column":0},"end":{"line":11,"column":17}},"11":{"start":{"line":12,"column":0},"end":{"line":12,"column":27}},"16":{"start":{"line":17,"column":0},"end":{"line":17,"column":60}},"17":{"start":{"line":18,"column":0},"end":{"line":18,"column":41}},"18":{"start":{"line":19,"column":0},"end":{"line":19,"column":72}},"19":{"start":{"line":20,"column":0},"end":{"line":20,"column":50}},"20":{"start":{"line":21,"column":0},"end":{"line":21,"column":39}},"21":{"start":{"line":22,"column":0},"end":{"line":22,"column":69}},"23":{"start":{"line":24,"column":0},"end":{"line":24,"column":74}},"24":{"start":{"line":25,"column":0},"end":{"line":25,"column":51}},"25":{"start":{"line":26,"column":0},"end":{"line":26,"column":4}}},"s":{"7":0,"8":0,"9":0,"10":0,"11":0,"16":0,"17":0,"18":0,"19":0,"20":0,"21":0,"23":0,"24":0,"25":0},"branchMap":{"0":{"type":"branch","line":1,"loc":{"start":{"line":1,"column":890},"end":{"line":31,"column":3}},"locations":[{"start":{"line":1,"column":890},"end":{"line":31,"column":3}}]}},"b":{"0":[1]},"fnMap":{"0":{"name":"(empty-report)","decl":{"start":{"line":1,"column":890},"end":{"line":31,"column":3}},"loc":{"start":{"line":1,"column":890},"end":{"line":31,"column":3}},"line":1}},"f":{"0":1}}
,"/Users/jace/Documents/GitHub/frolf-bot-pwa/src/stories/Page.stories.svelte": {"path":"/Users/jace/Documents/GitHub/frolf-bot-pwa/src/stories/Page.stories.svelte","all":true,"statementMap":{"7":{"start":{"line":8,"column":0},"end":{"line":8,"column":32}},"8":{"start":{"line":9,"column":0},"end":{"line":9,"column":26}},"9":{"start":{"line":10,"column":0},"end":{"line":10,"column":20}},"10":{"start":{"line":11,"column":0},"end":{"line":11,"column":17}},"12":{"start":{"line":13,"column":0},"end":{"line":13,"column":27}},"17":{"start":{"line":18,"column":0},"end":{"line":18,"column":60}},"18":{"start":{"line":19,"column":0},"end":{"line":19,"column":41}},"19":{"start":{"line":20,"column":0},"end":{"line":20,"column":72}},"20":{"start":{"line":21,"column":0},"end":{"line":21,"column":50}},"21":{"start":{"line":22,"column":0},"end":{"line":22,"column":39}},"22":{"start":{"line":23,"column":0},"end":{"line":23,"column":69}},"24":{"start":{"line":25,"column":0},"end":{"line":25,"column":74}},"25":{"start":{"line":26,"column":0},"end":{"line":26,"column":51}},"26":{"start":{"line":27,"column":0},"end":{"line":27,"column":4}}},"s":{"7":0,"8":0,"9":0,"10":0,"12":0,"17":0,"18":0,"19":0,"20":0,"21":0,"22":0,"24":0,"25":0,"26":0},"branchMap":{"0":{"type":"branch","line":1,"loc":{"start":{"line":1,"column":1058},"end":{"line":30,"column":27}},"locations":[{"start":{"line":1,"column":1058},"end":{"line":30,"column":27}}]}},"b":{"0":[1]},"fnMap":{"0":{"name":"(empty-report)","decl":{"start":{"line":1,"column":1058},"end":{"line":30,"column":27}},"loc":{"start":{"line":1,"column":1058},"end":{"line":30,"column":27}},"line":1}},"f":{"0":1}}
,"/Users/jace/Documents/GitHub/frolf-bot-pwa/src/stories/Page.stories.ts": {"path":"/Users/jace/Documents/GitHub/frolf-bot-pwa/src/stories/Page.stories.ts","all":true,"statementMap":{"3":{"start":{"line":4,"column":0},"end":{"line":4,"column":33}},"4":{"start":{"line":5,"column":0},"end":{"line":5,"column":61}},"5":{"start":{"line":6,"column":0},"end":{"line":6,"column":52}},"6":{"start":{"line":7,"column":0},"end":{"line":7,"column":41}},"8":{"start":{"line":9,"column":0},"end":{"line":9,"column":25}},"9":{"start":{"line":10,"column":0},"end":{"line":10,"column":24}},"10":{"start":{"line":11,"column":0},"end":{"line":11,"column":18}},"11":{"start":{"line":12,"column":0},"end":{"line":12,"column":15}},"12":{"start":{"line":13,"column":0},"end":{"line":13,"column":25}},"13":{"start":{"line":14,"column":0},"end":{"line":14,"column":4}},"14":{"start":{"line":15,"column":0},"end":{"line":15,"column":2}},"16":{"start":{"line":17,"column":0},"end":{"line":17,"column":20}},"19":{"start":{"line":20,"column":0},"end":{"line":20,"column":32}},"20":{"start":{"line":21,"column":0},"end":{"line":21,"column":43}},"21":{"start":{"line":22,"column":0},"end":{"line":22,"column":41}},"22":{"start":{"line":23,"column":0},"end":{"line":23,"column":72}},"23":{"start":{"line":24,"column":0},"end":{"line":24,"column":59}},"24":{"start":{"line":25,"column":0},"end":{"line":25,"column":39}},"25":{"start":{"line":26,"column":0},"end":{"line":26,"column":78}},"27":{"start":{"line":28,"column":0},"end":{"line":28,"column":74}},"28":{"start":{"line":29,"column":0},"end":{"line":29,"column":60}},"29":{"start":{"line":30,"column":0},"end":{"line":30,"column":4}},"30":{"start":{"line":31,"column":0},"end":{"line":31,"column":2}},"32":{"start":{"line":33,"column":0},"end":{"line":33,"column":35}}},"s":{"3":0,"4":0,"5":0,"6":0,"8":0,"9":0,"10":0,"11":0,"12":0,"13":0,"14":0,"16":0,"19":0,"20":0,"21":0,"22":0,"23":0,"24":0,"25":0,"27":0,"28":0,"29":0,"30":0,"32":0},"branchMap":{"0":{"type":"branch","line":1,"loc":{"start":{"line":1,"column":1105},"end":{"line":33,"column":35}},"locations":[{"start":{"line":1,"column":1105},"end":{"line":33,"column":35}}]}},"b":{"0":[1]},"fnMap":{"0":{"name":"(empty-report)","decl":{"start":{"line":1,"column":1105},"end":{"line":33,"column":35}},"loc":{"start":{"line":1,"column":1105},"end":{"line":33,"column":35}},"line":1}},"f":{"0":1}}
,"/Users/jace/Documents/GitHub/frolf-bot-pwa/src/stories/Page.svelte": {"path":"/Users/jace/Documents/GitHub/frolf-bot-pwa/src/stories/Page.svelte","all":true,"statementMap":{"0":{"start":{"line":1,"column":0},"end":{"line":1,"column":18}},"12":{"start":{"line":13,"column":0},"end":{"line":13,"column":57}},"13":{"start":{"line":14,"column":0},"end":{"line":14,"column":4}}},"s":{"0":0,"12":0,"13":0},"branchMap":{"0":{"type":"branch","line":1,"loc":{"start":{"line":1,"column":2326},"end":{"line":70,"column":10}},"locations":[{"start":{"line":1,"column":2326},"end":{"line":70,"column":10}}]}},"b":{"0":[0]},"fnMap":{"0":{"name":"(empty-report)","decl":{"start":{"line":1,"column":2326},"end":{"line":70,"column":10}},"loc":{"start":{"line":1,"column":2326},"end":{"line":70,"column":10}},"line":1}},"f":{"0":0}}
,"/Users/jace/Documents/GitHub/frolf-bot-pwa/static/service-worker.js": {"path":"/Users/jace/Documents/GitHub/frolf-bot-pwa/static/service-worker.js","all":true,"statementMap":{"0":{"start":{"line":1,"column":0},"end":{"line":1,"column":38}},"1":{"start":{"line":2,"column":0},"end":{"line":2,"column":36}},"3":{"start":{"line":4,"column":0},"end":{"line":4,"column":45}},"4":{"start":{"line":5,"column":0},"end":{"line":5,"column":18}},"5":{"start":{"line":6,"column":0},"end":{"line":6,"column":10}},"6":{"start":{"line":7,"column":0},"end":{"line":7,"column":23}},"7":{"start":{"line":8,"column":0},"end":{"line":8,"column":68}},"8":{"start":{"line":9,"column":0},"end":{"line":9,"column":4}},"9":{"start":{"line":10,"column":0},"end":{"line":10,"column":21}},"10":{"start":{"line":11,"column":0},"end":{"line":11,"column":3}},"12":{"start":{"line":13,"column":0},"end":{"line":13,"column":46}},"13":{"start":{"line":14,"column":0},"end":{"line":14,"column":40}},"14":{"start":{"line":15,"column":0},"end":{"line":15,"column":3}},"16":{"start":{"line":17,"column":0},"end":{"line":17,"column":43}},"17":{"start":{"line":18,"column":0},"end":{"line":18,"column":42}},"18":{"start":{"line":19,"column":0},"end":{"line":19,"column":83}},"19":{"start":{"line":20,"column":0},"end":{"line":20,"column":10}},"20":{"start":{"line":21,"column":0},"end":{"line":21,"column":22}},"21":{"start":{"line":22,"column":0},"end":{"line":22,"column":86}},"22":{"start":{"line":23,"column":0},"end":{"line":23,"column":6}},"23":{"start":{"line":24,"column":0},"end":{"line":24,"column":3}},"24":{"start":{"line":25,"column":0},"end":{"line":25,"column":3}}},"s":{"0":0,"1":0,"3":0,"4":0,"5":0,"6":0,"7":0,"8":0,"9":0,"10":0,"12":0,"13":0,"14":0,"16":0,"17":0,"18":0,"19":0,"20":0,"21":0,"22":0,"23":0,"24":0},"branchMap":{"0":{"type":"branch","line":1,"loc":{"start":{"line":1,"column":677},"end":{"line":25,"column":3}},"locations":[{"start":{"line":1,"column":677},"end":{"line":25,"column":3}}]}},"b":{"0":[0]},"fnMap":{"0":{"name":"(empty-report)","decl":{"start":{"line":1,"column":677},"end":{"line":25,"column":3}},"loc":{"start":{"line":1,"column":677},"end":{"line":25,"column":3}},"line":1}},"f":{"0":0}}
}
